{
  "D:/1web/rsschool/react-course/rsschool-react-course/src/components/ui/Card.tsx": {
    "path": "D:/1web/rsschool/react-course/rsschool-react-course/src/components/ui/Card.tsx",
    "statementMap": {
      "0": {
        "start": {
          "line": 5,
          "column": 0
        },
        "end": {
          "line": 15,
          "column": 1
        }
      },
      "1": {
        "start": {
          "line": 6,
          "column": 2
        },
        "end": {
          "line": 8,
          "column": 3
        }
      },
      "2": {
        "start": {
          "line": 7,
          "column": 4
        },
        "end": {
          "line": 7,
          "column": 165
        }
      },
      "3": {
        "start": {
          "line": 9,
          "column": 2
        },
        "end": {
          "line": 9,
          "column": 39
        }
      },
      "4": {
        "start": {
          "line": 10,
          "column": 2
        },
        "end": {
          "line": 10,
          "column": 39
        }
      },
      "5": {
        "start": {
          "line": 11,
          "column": 2
        },
        "end": {
          "line": 13,
          "column": 4
        }
      },
      "6": {
        "start": {
          "line": 12,
          "column": 4
        },
        "end": {
          "line": 12,
          "column": 122
        }
      },
      "7": {
        "start": {
          "line": 14,
          "column": 2
        },
        "end": {
          "line": 14,
          "column": 75
        }
      },
      "8": {
        "start": {
          "line": 17,
          "column": 13
        },
        "end": {
          "line": 44,
          "column": 1
        }
      },
      "9": {
        "start": {
          "line": 24,
          "column": 2
        },
        "end": {
          "line": 43,
          "column": 11
        }
      },
      "10": {
        "start": {
          "line": 24,
          "column": 75
        },
        "end": {
          "line": 24,
          "column": 90
        }
      },
      "11": {
        "start": {
          "line": 45,
          "column": 0
        },
        "end": {
          "line": 45,
          "column": 10
        }
      },
      "12": {
        "start": {
          "line": 48,
          "column": 0
        },
        "end": {
          "line": 48,
          "column": 25
        }
      },
      "13": {
        "start": {
          "line": 49,
          "column": 0
        },
        "end": {
          "line": 65,
          "column": 1
        }
      },
      "14": {
        "start": {
          "line": 50,
          "column": 2
        },
        "end": {
          "line": 50,
          "column": 39
        }
      },
      "15": {
        "start": {
          "line": 51,
          "column": 2
        },
        "end": {
          "line": 51,
          "column": 39
        }
      },
      "16": {
        "start": {
          "line": 52,
          "column": 2
        },
        "end": {
          "line": 64,
          "column": 5
        }
      },
      "17": {
        "start": {
          "line": 56,
          "column": 4
        },
        "end": {
          "line": 56,
          "column": 148
        }
      },
      "18": {
        "start": {
          "line": 57,
          "column": 4
        },
        "end": {
          "line": 63,
          "column": 7
        }
      },
      "19": {
        "start": {
          "line": 58,
          "column": 6
        },
        "end": {
          "line": 59,
          "column": 15
        }
      },
      "20": {
        "start": {
          "line": 59,
          "column": 8
        },
        "end": {
          "line": 59,
          "column": 15
        }
      },
      "21": {
        "start": {
          "line": 60,
          "column": 32
        },
        "end": {
          "line": 60,
          "column": 115
        }
      },
      "22": {
        "start": {
          "line": 61,
          "column": 6
        },
        "end": {
          "line": 62,
          "column": 54
        }
      },
      "23": {
        "start": {
          "line": 62,
          "column": 8
        },
        "end": {
          "line": 62,
          "column": 54
        }
      }
    },
    "fnMap": {
      "0": {
        "name": "(anonymous_0)",
        "decl": {
          "start": {
            "line": 11,
            "column": 24
          },
          "end": {
            "line": 11,
            "column": 25
          }
        },
        "loc": {
          "start": {
            "line": 11,
            "column": 38
          },
          "end": {
            "line": 13,
            "column": 3
          }
        },
        "line": 11
      },
      "1": {
        "name": "(anonymous_1)",
        "decl": {
          "start": {
            "line": 17,
            "column": 13
          },
          "end": {
            "line": 17,
            "column": 14
          }
        },
        "loc": {
          "start": {
            "line": 23,
            "column": 6
          },
          "end": {
            "line": 44,
            "column": 1
          }
        },
        "line": 23
      },
      "2": {
        "name": "(anonymous_2)",
        "decl": {
          "start": {
            "line": 24,
            "column": 69
          },
          "end": {
            "line": 24,
            "column": 70
          }
        },
        "loc": {
          "start": {
            "line": 24,
            "column": 75
          },
          "end": {
            "line": 24,
            "column": 90
          }
        },
        "line": 24
      },
      "3": {
        "name": "(anonymous_3)",
        "decl": {
          "start": {
            "line": 55,
            "column": 9
          },
          "end": {
            "line": 55,
            "column": 10
          }
        },
        "loc": {
          "start": {
            "line": 55,
            "column": 29
          },
          "end": {
            "line": 64,
            "column": 3
          }
        },
        "line": 55
      },
      "4": {
        "name": "(anonymous_4)",
        "decl": {
          "start": {
            "line": 57,
            "column": 27
          },
          "end": {
            "line": 57,
            "column": 28
          }
        },
        "loc": {
          "start": {
            "line": 57,
            "column": 44
          },
          "end": {
            "line": 63,
            "column": 5
          }
        },
        "line": 57
      }
    },
    "branchMap": {
      "0": {
        "loc": {
          "start": {
            "line": 5,
            "column": 0
          },
          "end": {
            "line": 15,
            "column": 1
          }
        },
        "type": "if",
        "locations": [
          {
            "start": {
              "line": 5,
              "column": 0
            },
            "end": {
              "line": 15,
              "column": 1
            }
          },
          {
            "start": {},
            "end": {}
          }
        ],
        "line": 5
      },
      "1": {
        "loc": {
          "start": {
            "line": 6,
            "column": 2
          },
          "end": {
            "line": 8,
            "column": 3
          }
        },
        "type": "if",
        "locations": [
          {
            "start": {
              "line": 6,
              "column": 2
            },
            "end": {
              "line": 8,
              "column": 3
            }
          },
          {
            "start": {},
            "end": {}
          }
        ],
        "line": 6
      },
      "2": {
        "loc": {
          "start": {
            "line": 49,
            "column": 0
          },
          "end": {
            "line": 65,
            "column": 1
          }
        },
        "type": "if",
        "locations": [
          {
            "start": {
              "line": 49,
              "column": 0
            },
            "end": {
              "line": 65,
              "column": 1
            }
          },
          {
            "start": {},
            "end": {}
          }
        ],
        "line": 49
      },
      "3": {
        "loc": {
          "start": {
            "line": 58,
            "column": 6
          },
          "end": {
            "line": 59,
            "column": 15
          }
        },
        "type": "if",
        "locations": [
          {
            "start": {
              "line": 58,
              "column": 6
            },
            "end": {
              "line": 59,
              "column": 15
            }
          },
          {
            "start": {},
            "end": {}
          }
        ],
        "line": 58
      },
      "4": {
        "loc": {
          "start": {
            "line": 61,
            "column": 6
          },
          "end": {
            "line": 62,
            "column": 54
          }
        },
        "type": "if",
        "locations": [
          {
            "start": {
              "line": 61,
              "column": 6
            },
            "end": {
              "line": 62,
              "column": 54
            }
          },
          {
            "start": {},
            "end": {}
          }
        ],
        "line": 61
      }
    },
    "s": {
      "0": 2,
      "1": 2,
      "2": 0,
      "3": 2,
      "4": 2,
      "5": 2,
      "6": 2,
      "7": 2,
      "8": 2,
      "9": 24,
      "10": 0,
      "11": 2,
      "12": 2,
      "13": 2,
      "14": 2,
      "15": 2,
      "16": 2,
      "17": 1,
      "18": 1,
      "19": 0,
      "20": 0,
      "21": 0,
      "22": 0,
      "23": 0
    },
    "f": {
      "0": 2,
      "1": 24,
      "2": 0,
      "3": 1,
      "4": 0
    },
    "b": {
      "0": [
        2,
        0
      ],
      "1": [
        0,
        2
      ],
      "2": [
        2,
        0
      ],
      "3": [
        0,
        0
      ],
      "4": [
        0,
        0
      ]
    },
    "inputSourceMap": {
      "version": 3,
      "mappings": "AAMM;AANN,2BAAsB;AAAA;AAA+B;AAAA;AAAA;AAAA;AAAA;AAAA;AAAA;AAAA;AAAA;AAAA;AAAA;AAAA;AACrD,OAAO;AAEP,MAAMA,OAAOA,CAAC;AAAA,EAAEC;AAAAA,EAAIC;AAAAA,EAAQC;AAAAA,EAAQC;AAAAA,EAAOC;AAAmB,MAAM;AAClE,SACE,uBAAC,SAAI,WAAU,QAAO,SAAS,MAAMA,YAAYJ,EAAE,GACjD;AAAA,2BAAC,SAAI,KAAM,iCAAgCE,UAAUF,MAAMC,cAAc,KAAKE,SAA9E;AAAA;AAAA;AAAA;AAAA,WAAoF;AAAA,IACpF,uBAAC,SAAI,WAAU,gBACb,iCAAC,OAAE,WAAU,cAAcA,mBAA3B;AAAA;AAAA;AAAA;AAAA,WAAiC,KADnC;AAAA;AAAA;AAAA;AAAA,WAEA;AAAA,OAJF;AAAA;AAAA;AAAA;AAAA,SAKA;AAEJ;AAAEE,KATIN;AAWN,eAAeA;AAAK;AAAAO",
      "names": [
        "Card",
        "id",
        "secret",
        "server",
        "title",
        "onCardClick",
        "_c",
        "$RefreshReg$"
      ],
      "sources": [
        "D:/1web/rsschool/react-course/rsschool-react-course/src/components/ui/Card.tsx"
      ],
      "file": "D:/1web/rsschool/react-course/rsschool-react-course/src/components/ui/Card.tsx"
    },
    "_coverageSchema": "1a1c01bbd47fc00a2c39e90264f33305004495a9",
    "hash": "4778c4a7cea3a2837963e0c700c391a7e821e64d"
  },
  "D:/1web/rsschool/react-course/rsschool-react-course/src/components/ui/Loading.tsx": {
    "path": "D:/1web/rsschool/react-course/rsschool-react-course/src/components/ui/Loading.tsx",
    "statementMap": {
      "0": {
        "start": {
          "line": 5,
          "column": 0
        },
        "end": {
          "line": 15,
          "column": 1
        }
      },
      "1": {
        "start": {
          "line": 6,
          "column": 2
        },
        "end": {
          "line": 8,
          "column": 3
        }
      },
      "2": {
        "start": {
          "line": 7,
          "column": 4
        },
        "end": {
          "line": 7,
          "column": 165
        }
      },
      "3": {
        "start": {
          "line": 9,
          "column": 2
        },
        "end": {
          "line": 9,
          "column": 39
        }
      },
      "4": {
        "start": {
          "line": 10,
          "column": 2
        },
        "end": {
          "line": 10,
          "column": 39
        }
      },
      "5": {
        "start": {
          "line": 11,
          "column": 2
        },
        "end": {
          "line": 13,
          "column": 4
        }
      },
      "6": {
        "start": {
          "line": 12,
          "column": 4
        },
        "end": {
          "line": 12,
          "column": 125
        }
      },
      "7": {
        "start": {
          "line": 14,
          "column": 2
        },
        "end": {
          "line": 14,
          "column": 75
        }
      },
      "8": {
        "start": {
          "line": 17,
          "column": 16
        },
        "end": {
          "line": 27,
          "column": 1
        }
      },
      "9": {
        "start": {
          "line": 18,
          "column": 2
        },
        "end": {
          "line": 26,
          "column": 11
        }
      },
      "10": {
        "start": {
          "line": 28,
          "column": 0
        },
        "end": {
          "line": 28,
          "column": 13
        }
      },
      "11": {
        "start": {
          "line": 31,
          "column": 0
        },
        "end": {
          "line": 31,
          "column": 28
        }
      },
      "12": {
        "start": {
          "line": 32,
          "column": 0
        },
        "end": {
          "line": 48,
          "column": 1
        }
      },
      "13": {
        "start": {
          "line": 33,
          "column": 2
        },
        "end": {
          "line": 33,
          "column": 39
        }
      },
      "14": {
        "start": {
          "line": 34,
          "column": 2
        },
        "end": {
          "line": 34,
          "column": 39
        }
      },
      "15": {
        "start": {
          "line": 35,
          "column": 2
        },
        "end": {
          "line": 47,
          "column": 5
        }
      },
      "16": {
        "start": {
          "line": 39,
          "column": 4
        },
        "end": {
          "line": 39,
          "column": 151
        }
      },
      "17": {
        "start": {
          "line": 40,
          "column": 4
        },
        "end": {
          "line": 46,
          "column": 7
        }
      },
      "18": {
        "start": {
          "line": 41,
          "column": 6
        },
        "end": {
          "line": 42,
          "column": 15
        }
      },
      "19": {
        "start": {
          "line": 42,
          "column": 8
        },
        "end": {
          "line": 42,
          "column": 15
        }
      },
      "20": {
        "start": {
          "line": 43,
          "column": 32
        },
        "end": {
          "line": 43,
          "column": 115
        }
      },
      "21": {
        "start": {
          "line": 44,
          "column": 6
        },
        "end": {
          "line": 45,
          "column": 54
        }
      },
      "22": {
        "start": {
          "line": 45,
          "column": 8
        },
        "end": {
          "line": 45,
          "column": 54
        }
      }
    },
    "fnMap": {
      "0": {
        "name": "(anonymous_0)",
        "decl": {
          "start": {
            "line": 11,
            "column": 24
          },
          "end": {
            "line": 11,
            "column": 25
          }
        },
        "loc": {
          "start": {
            "line": 11,
            "column": 38
          },
          "end": {
            "line": 13,
            "column": 3
          }
        },
        "line": 11
      },
      "1": {
        "name": "(anonymous_1)",
        "decl": {
          "start": {
            "line": 17,
            "column": 16
          },
          "end": {
            "line": 17,
            "column": 17
          }
        },
        "loc": {
          "start": {
            "line": 17,
            "column": 22
          },
          "end": {
            "line": 27,
            "column": 1
          }
        },
        "line": 17
      },
      "2": {
        "name": "(anonymous_2)",
        "decl": {
          "start": {
            "line": 38,
            "column": 9
          },
          "end": {
            "line": 38,
            "column": 10
          }
        },
        "loc": {
          "start": {
            "line": 38,
            "column": 29
          },
          "end": {
            "line": 47,
            "column": 3
          }
        },
        "line": 38
      },
      "3": {
        "name": "(anonymous_3)",
        "decl": {
          "start": {
            "line": 40,
            "column": 27
          },
          "end": {
            "line": 40,
            "column": 28
          }
        },
        "loc": {
          "start": {
            "line": 40,
            "column": 44
          },
          "end": {
            "line": 46,
            "column": 5
          }
        },
        "line": 40
      }
    },
    "branchMap": {
      "0": {
        "loc": {
          "start": {
            "line": 5,
            "column": 0
          },
          "end": {
            "line": 15,
            "column": 1
          }
        },
        "type": "if",
        "locations": [
          {
            "start": {
              "line": 5,
              "column": 0
            },
            "end": {
              "line": 15,
              "column": 1
            }
          },
          {
            "start": {},
            "end": {}
          }
        ],
        "line": 5
      },
      "1": {
        "loc": {
          "start": {
            "line": 6,
            "column": 2
          },
          "end": {
            "line": 8,
            "column": 3
          }
        },
        "type": "if",
        "locations": [
          {
            "start": {
              "line": 6,
              "column": 2
            },
            "end": {
              "line": 8,
              "column": 3
            }
          },
          {
            "start": {},
            "end": {}
          }
        ],
        "line": 6
      },
      "2": {
        "loc": {
          "start": {
            "line": 32,
            "column": 0
          },
          "end": {
            "line": 48,
            "column": 1
          }
        },
        "type": "if",
        "locations": [
          {
            "start": {
              "line": 32,
              "column": 0
            },
            "end": {
              "line": 48,
              "column": 1
            }
          },
          {
            "start": {},
            "end": {}
          }
        ],
        "line": 32
      },
      "3": {
        "loc": {
          "start": {
            "line": 41,
            "column": 6
          },
          "end": {
            "line": 42,
            "column": 15
          }
        },
        "type": "if",
        "locations": [
          {
            "start": {
              "line": 41,
              "column": 6
            },
            "end": {
              "line": 42,
              "column": 15
            }
          },
          {
            "start": {},
            "end": {}
          }
        ],
        "line": 41
      },
      "4": {
        "loc": {
          "start": {
            "line": 44,
            "column": 6
          },
          "end": {
            "line": 45,
            "column": 54
          }
        },
        "type": "if",
        "locations": [
          {
            "start": {
              "line": 44,
              "column": 6
            },
            "end": {
              "line": 45,
              "column": 54
            }
          },
          {
            "start": {},
            "end": {}
          }
        ],
        "line": 44
      }
    },
    "s": {
      "0": 2,
      "1": 2,
      "2": 0,
      "3": 2,
      "4": 2,
      "5": 2,
      "6": 2,
      "7": 2,
      "8": 2,
      "9": 0,
      "10": 2,
      "11": 2,
      "12": 2,
      "13": 2,
      "14": 2,
      "15": 2,
      "16": 1,
      "17": 1,
      "18": 0,
      "19": 0,
      "20": 0,
      "21": 0,
      "22": 0
    },
    "f": {
      "0": 2,
      "1": 0,
      "2": 1,
      "3": 0
    },
    "b": {
      "0": [
        2,
        0
      ],
      "1": [
        0,
        2
      ],
      "2": [
        2,
        0
      ],
      "3": [
        0,
        0
      ],
      "4": [
        0,
        0
      ]
    },
    "inputSourceMap": {
      "version": 3,
      "mappings": "AAKM;AALN,OAAO;AAAqC;AAAA;AAAA;AAAA;AAAA;AAAA;AAAA;AAAA;AAAA;AAAA;AAAA;AAAA;AAAA;AAAA;AAE5C,MAAMA,UAAUA,MAAM;AACpB,SACE,uBAAC,SAAI,WAAU,oBACb,iCAAC,UAAK,WAAU,YAAhB;AAAA;AAAA;AAAA;AAAA,SAAyB,KAD3B;AAAA;AAAA;AAAA;AAAA,SAEA;AAEJ;AAAEC,KANID;AAQN,eAAeA;AAAQ;AAAAE",
      "names": [
        "Loading",
        "_c",
        "$RefreshReg$"
      ],
      "sources": [
        "D:/1web/rsschool/react-course/rsschool-react-course/src/components/ui/Loading.tsx"
      ],
      "file": "D:/1web/rsschool/react-course/rsschool-react-course/src/components/ui/Loading.tsx"
    },
    "_coverageSchema": "1a1c01bbd47fc00a2c39e90264f33305004495a9",
    "hash": "e1ad7b72dca499301b4d227f97b92c19693b32a5"
  },
  "D:/1web/rsschool/react-course/rsschool-react-course/src/services/flickr.service.ts": {
    "path": "D:/1web/rsschool/react-course/rsschool-react-course/src/services/flickr.service.ts",
    "statementMap": {
      "0": {
        "start": {
          "line": 7,
          "column": 28
        },
        "end": {
          "line": 7,
          "column": 190
        }
      },
      "1": {
        "start": {
          "line": 8,
          "column": 28
        },
        "end": {
          "line": 8,
          "column": 148
        }
      },
      "2": {
        "start": {
          "line": 9,
          "column": 18
        },
        "end": {
          "line": 12,
          "column": 1
        }
      },
      "3": {
        "start": {
          "line": 13,
          "column": 25
        },
        "end": {
          "line": 29,
          "column": 2
        }
      },
      "4": {
        "start": {
          "line": 18,
          "column": 27
        },
        "end": {
          "line": 28,
          "column": 3
        }
      },
      "5": {
        "start": {
          "line": 21,
          "column": 8
        },
        "end": {
          "line": 25,
          "column": 9
        }
      },
      "6": {
        "start": {
          "line": 22,
          "column": 10
        },
        "end": {
          "line": 22,
          "column": 56
        }
      },
      "7": {
        "start": {
          "line": 24,
          "column": 10
        },
        "end": {
          "line": 24,
          "column": 42
        }
      },
      "8": {
        "start": {
          "line": 30,
          "column": 37
        },
        "end": {
          "line": 30,
          "column": 46
        }
      }
    },
    "fnMap": {
      "0": {
        "name": "(anonymous_0)",
        "decl": {
          "start": {
            "line": 18,
            "column": 13
          },
          "end": {
            "line": 18,
            "column": 14
          }
        },
        "loc": {
          "start": {
            "line": 18,
            "column": 27
          },
          "end": {
            "line": 28,
            "column": 3
          }
        },
        "line": 18
      },
      "1": {
        "name": "(anonymous_1)",
        "decl": {
          "start": {
            "line": 20,
            "column": 13
          },
          "end": {
            "line": 20,
            "column": 14
          }
        },
        "loc": {
          "start": {
            "line": 20,
            "column": 30
          },
          "end": {
            "line": 26,
            "column": 7
          }
        },
        "line": 20
      }
    },
    "branchMap": {
      "0": {
        "loc": {
          "start": {
            "line": 21,
            "column": 8
          },
          "end": {
            "line": 25,
            "column": 9
          }
        },
        "type": "if",
        "locations": [
          {
            "start": {
              "line": 21,
              "column": 8
            },
            "end": {
              "line": 25,
              "column": 9
            }
          },
          {
            "start": {
              "line": 23,
              "column": 15
            },
            "end": {
              "line": 25,
              "column": 9
            }
          }
        ],
        "line": 21
      }
    },
    "s": {
      "0": 2,
      "1": 2,
      "2": 2,
      "3": 2,
      "4": 2,
      "5": 0,
      "6": 0,
      "7": 0,
      "8": 2
    },
    "f": {
      "0": 2,
      "1": 0
    },
    "b": {
      "0": [
        0,
        0
      ]
    },
    "inputSourceMap": {
      "version": 3,
      "sources": [
        "D:/1web/rsschool/react-course/rsschool-react-course/src/services/flickr.service.ts"
      ],
      "mappings": "AAAA;AAAA,EACE;AAAA,EACA;AAAA,EACA;AAAA,EACA;AAAA,OACK;AAgCP,MAAM,sBAAsB,kDAC1B,YAAY,IAAI;AAGlB,MAAM,sBAAsB,wCAC1B,YAAY,IAAI;AAGlB,MAAM,YAAY;AAAA,EAChB,WAAW;AAAA,EACX,iBAAiB,EAAE,+BAA+B,KAAK,CAAC;AAC1D;AAEO,aAAM,YAAY,UAAU;AAAA,EACjC,aAAa;AAAA,EACb,WAAW,eAAe;AAAA,IACxB,SAAS;AAAA,EACX,CAAC;AAAA,EACD,WAAW,CAAC,aAAa;AAAA,IACvB,WAAW,QAAQ,MAA2B;AAAA,MAC5C,OAAO,CAAC,gBAAgB;AACtB,YAAI,aAAa;AACf,iBAAO,GAAG,sBAAsB;AAAA,QAClC,OAAO;AACL,iBAAO,GAAG;AAAA,QACZ;AAAA,MACF;AAAA,IACF,CAAC;AAAA,EACH;AACF,CAAC;AAEM,aAAM,EAAE,kBAAkB,IAAI;",
      "names": []
    },
    "_coverageSchema": "1a1c01bbd47fc00a2c39e90264f33305004495a9",
    "hash": "6ee7715a9304252ecb03221ff8fa41d94677f652"
  },
  "D:/1web/rsschool/react-course/rsschool-react-course/src/hooks/typedHooks.ts": {
    "path": "D:/1web/rsschool/react-course/rsschool-react-course/src/hooks/typedHooks.ts",
    "statementMap": {
      "0": {
        "start": {
          "line": 2,
          "column": 30
        },
        "end": {
          "line": 2,
          "column": 41
        }
      },
      "1": {
        "start": {
          "line": 3,
          "column": 30
        },
        "end": {
          "line": 3,
          "column": 41
        }
      }
    },
    "fnMap": {},
    "branchMap": {},
    "s": {
      "0": 2,
      "1": 2
    },
    "f": {},
    "b": {},
    "inputSourceMap": {
      "version": 3,
      "sources": [
        "D:/1web/rsschool/react-course/rsschool-react-course/src/hooks/typedHooks.ts"
      ],
      "mappings": "AAAA,SAAS,aAAa,mBAAmB;AAIlC,aAAM,iBAAoC;AAC1C,aAAM,iBAAkD;",
      "names": []
    },
    "_coverageSchema": "1a1c01bbd47fc00a2c39e90264f33305004495a9",
    "hash": "6a06dac2d5d2d42fea9ea6e90e85870f5f92cabb"
  },
  "D:/1web/rsschool/react-course/rsschool-react-course/src/store/searchSlice.ts": {
    "path": "D:/1web/rsschool/react-course/rsschool-react-course/src/store/searchSlice.ts",
    "statementMap": {
      "0": {
        "start": {
          "line": 2,
          "column": 21
        },
        "end": {
          "line": 4,
          "column": 1
        }
      },
      "1": {
        "start": {
          "line": 5,
          "column": 27
        },
        "end": {
          "line": 13,
          "column": 2
        }
      },
      "2": {
        "start": {
          "line": 10,
          "column": 6
        },
        "end": {
          "line": 10,
          "column": 35
        }
      },
      "3": {
        "start": {
          "line": 14,
          "column": 32
        },
        "end": {
          "line": 14,
          "column": 51
        }
      }
    },
    "fnMap": {
      "0": {
        "name": "(anonymous_0)",
        "decl": {
          "start": {
            "line": 9,
            "column": 18
          },
          "end": {
            "line": 9,
            "column": 19
          }
        },
        "loc": {
          "start": {
            "line": 9,
            "column": 37
          },
          "end": {
            "line": 11,
            "column": 5
          }
        },
        "line": 9
      }
    },
    "branchMap": {},
    "s": {
      "0": 2,
      "1": 2,
      "2": 0,
      "3": 2
    },
    "f": {
      "0": 0
    },
    "b": {},
    "inputSourceMap": {
      "version": 3,
      "sources": [
        "D:/1web/rsschool/react-course/rsschool-react-course/src/store/searchSlice.ts"
      ],
      "mappings": "AAAA,SAAS,mBAAkC;AAM3C,MAAM,eAA4B;AAAA,EAChC,OAAO;AACT;AAEO,aAAM,cAAc,YAAY;AAAA,EACrC,MAAM;AAAA,EACN;AAAA,EACA,UAAU;AAAA,IACR,cAAc,CAAC,OAAO,WAAkC;AACtD,YAAM,QAAQ,OAAO;AAAA,IACvB;AAAA,EACF;AACF,CAAC;AACM,aAAM,EAAE,aAAa,IAAI,YAAY;AAE5C,eAAe,YAAY;",
      "names": []
    },
    "_coverageSchema": "1a1c01bbd47fc00a2c39e90264f33305004495a9",
    "hash": "0f0b0c8fa27a7b13235e7688ee321b9e3f7447b4"
  },
  "D:/1web/rsschool/react-course/rsschool-react-course/src/components/ui/Search.tsx": {
    "path": "D:/1web/rsschool/react-course/rsschool-react-course/src/components/ui/Search.tsx",
    "statementMap": {
      "0": {
        "start": {
          "line": 5,
          "column": 0
        },
        "end": {
          "line": 15,
          "column": 1
        }
      },
      "1": {
        "start": {
          "line": 6,
          "column": 2
        },
        "end": {
          "line": 8,
          "column": 3
        }
      },
      "2": {
        "start": {
          "line": 7,
          "column": 4
        },
        "end": {
          "line": 7,
          "column": 165
        }
      },
      "3": {
        "start": {
          "line": 9,
          "column": 2
        },
        "end": {
          "line": 9,
          "column": 39
        }
      },
      "4": {
        "start": {
          "line": 10,
          "column": 2
        },
        "end": {
          "line": 10,
          "column": 39
        }
      },
      "5": {
        "start": {
          "line": 11,
          "column": 2
        },
        "end": {
          "line": 13,
          "column": 4
        }
      },
      "6": {
        "start": {
          "line": 12,
          "column": 4
        },
        "end": {
          "line": 12,
          "column": 124
        }
      },
      "7": {
        "start": {
          "line": 14,
          "column": 2
        },
        "end": {
          "line": 14,
          "column": 75
        }
      },
      "8": {
        "start": {
          "line": 16,
          "column": 9
        },
        "end": {
          "line": 16,
          "column": 23
        }
      },
      "9": {
        "start": {
          "line": 21,
          "column": 15
        },
        "end": {
          "line": 53,
          "column": 1
        }
      },
      "10": {
        "start": {
          "line": 22,
          "column": 2
        },
        "end": {
          "line": 22,
          "column": 7
        }
      },
      "11": {
        "start": {
          "line": 23,
          "column": 17
        },
        "end": {
          "line": 23,
          "column": 62
        }
      },
      "12": {
        "start": {
          "line": 23,
          "column": 43
        },
        "end": {
          "line": 23,
          "column": 61
        }
      },
      "13": {
        "start": {
          "line": 24,
          "column": 40
        },
        "end": {
          "line": 24,
          "column": 56
        }
      },
      "14": {
        "start": {
          "line": 25,
          "column": 19
        },
        "end": {
          "line": 25,
          "column": 35
        }
      },
      "15": {
        "start": {
          "line": 26,
          "column": 29
        },
        "end": {
          "line": 28,
          "column": 3
        }
      },
      "16": {
        "start": {
          "line": 27,
          "column": 4
        },
        "end": {
          "line": 27,
          "column": 39
        }
      },
      "17": {
        "start": {
          "line": 29,
          "column": 23
        },
        "end": {
          "line": 32,
          "column": 3
        }
      },
      "18": {
        "start": {
          "line": 30,
          "column": 4
        },
        "end": {
          "line": 30,
          "column": 27
        }
      },
      "19": {
        "start": {
          "line": 31,
          "column": 4
        },
        "end": {
          "line": 31,
          "column": 40
        }
      },
      "20": {
        "start": {
          "line": 33,
          "column": 2
        },
        "end": {
          "line": 52,
          "column": 11
        }
      },
      "21": {
        "start": {
          "line": 54,
          "column": 0
        },
        "end": {
          "line": 56,
          "column": 3
        }
      },
      "22": {
        "start": {
          "line": 55,
          "column": 2
        },
        "end": {
          "line": 55,
          "column": 42
        }
      },
      "23": {
        "start": {
          "line": 57,
          "column": 0
        },
        "end": {
          "line": 57,
          "column": 12
        }
      },
      "24": {
        "start": {
          "line": 60,
          "column": 0
        },
        "end": {
          "line": 60,
          "column": 27
        }
      },
      "25": {
        "start": {
          "line": 61,
          "column": 0
        },
        "end": {
          "line": 77,
          "column": 1
        }
      },
      "26": {
        "start": {
          "line": 62,
          "column": 2
        },
        "end": {
          "line": 62,
          "column": 39
        }
      },
      "27": {
        "start": {
          "line": 63,
          "column": 2
        },
        "end": {
          "line": 63,
          "column": 39
        }
      },
      "28": {
        "start": {
          "line": 64,
          "column": 2
        },
        "end": {
          "line": 76,
          "column": 5
        }
      },
      "29": {
        "start": {
          "line": 68,
          "column": 4
        },
        "end": {
          "line": 68,
          "column": 150
        }
      },
      "30": {
        "start": {
          "line": 69,
          "column": 4
        },
        "end": {
          "line": 75,
          "column": 7
        }
      },
      "31": {
        "start": {
          "line": 70,
          "column": 6
        },
        "end": {
          "line": 71,
          "column": 15
        }
      },
      "32": {
        "start": {
          "line": 71,
          "column": 8
        },
        "end": {
          "line": 71,
          "column": 15
        }
      },
      "33": {
        "start": {
          "line": 72,
          "column": 32
        },
        "end": {
          "line": 72,
          "column": 115
        }
      },
      "34": {
        "start": {
          "line": 73,
          "column": 6
        },
        "end": {
          "line": 74,
          "column": 54
        }
      },
      "35": {
        "start": {
          "line": 74,
          "column": 8
        },
        "end": {
          "line": 74,
          "column": 54
        }
      }
    },
    "fnMap": {
      "0": {
        "name": "(anonymous_0)",
        "decl": {
          "start": {
            "line": 11,
            "column": 24
          },
          "end": {
            "line": 11,
            "column": 25
          }
        },
        "loc": {
          "start": {
            "line": 11,
            "column": 38
          },
          "end": {
            "line": 13,
            "column": 3
          }
        },
        "line": 11
      },
      "1": {
        "name": "(anonymous_1)",
        "decl": {
          "start": {
            "line": 21,
            "column": 15
          },
          "end": {
            "line": 21,
            "column": 16
          }
        },
        "loc": {
          "start": {
            "line": 21,
            "column": 21
          },
          "end": {
            "line": 53,
            "column": 1
          }
        },
        "line": 21
      },
      "2": {
        "name": "(anonymous_2)",
        "decl": {
          "start": {
            "line": 23,
            "column": 32
          },
          "end": {
            "line": 23,
            "column": 33
          }
        },
        "loc": {
          "start": {
            "line": 23,
            "column": 43
          },
          "end": {
            "line": 23,
            "column": 61
          }
        },
        "line": 23
      },
      "3": {
        "name": "(anonymous_3)",
        "decl": {
          "start": {
            "line": 26,
            "column": 29
          },
          "end": {
            "line": 26,
            "column": 30
          }
        },
        "loc": {
          "start": {
            "line": 26,
            "column": 40
          },
          "end": {
            "line": 28,
            "column": 3
          }
        },
        "line": 26
      },
      "4": {
        "name": "(anonymous_4)",
        "decl": {
          "start": {
            "line": 29,
            "column": 23
          },
          "end": {
            "line": 29,
            "column": 24
          }
        },
        "loc": {
          "start": {
            "line": 29,
            "column": 34
          },
          "end": {
            "line": 32,
            "column": 3
          }
        },
        "line": 29
      },
      "5": {
        "name": "(anonymous_5)",
        "decl": {
          "start": {
            "line": 54,
            "column": 50
          },
          "end": {
            "line": 54,
            "column": 51
          }
        },
        "loc": {
          "start": {
            "line": 54,
            "column": 61
          },
          "end": {
            "line": 56,
            "column": 1
          }
        },
        "line": 54
      },
      "6": {
        "name": "(anonymous_6)",
        "decl": {
          "start": {
            "line": 67,
            "column": 9
          },
          "end": {
            "line": 67,
            "column": 10
          }
        },
        "loc": {
          "start": {
            "line": 67,
            "column": 29
          },
          "end": {
            "line": 76,
            "column": 3
          }
        },
        "line": 67
      },
      "7": {
        "name": "(anonymous_7)",
        "decl": {
          "start": {
            "line": 69,
            "column": 27
          },
          "end": {
            "line": 69,
            "column": 28
          }
        },
        "loc": {
          "start": {
            "line": 69,
            "column": 44
          },
          "end": {
            "line": 75,
            "column": 5
          }
        },
        "line": 69
      }
    },
    "branchMap": {
      "0": {
        "loc": {
          "start": {
            "line": 5,
            "column": 0
          },
          "end": {
            "line": 15,
            "column": 1
          }
        },
        "type": "if",
        "locations": [
          {
            "start": {
              "line": 5,
              "column": 0
            },
            "end": {
              "line": 15,
              "column": 1
            }
          },
          {
            "start": {},
            "end": {}
          }
        ],
        "line": 5
      },
      "1": {
        "loc": {
          "start": {
            "line": 6,
            "column": 2
          },
          "end": {
            "line": 8,
            "column": 3
          }
        },
        "type": "if",
        "locations": [
          {
            "start": {
              "line": 6,
              "column": 2
            },
            "end": {
              "line": 8,
              "column": 3
            }
          },
          {
            "start": {},
            "end": {}
          }
        ],
        "line": 6
      },
      "2": {
        "loc": {
          "start": {
            "line": 61,
            "column": 0
          },
          "end": {
            "line": 77,
            "column": 1
          }
        },
        "type": "if",
        "locations": [
          {
            "start": {
              "line": 61,
              "column": 0
            },
            "end": {
              "line": 77,
              "column": 1
            }
          },
          {
            "start": {},
            "end": {}
          }
        ],
        "line": 61
      },
      "3": {
        "loc": {
          "start": {
            "line": 70,
            "column": 6
          },
          "end": {
            "line": 71,
            "column": 15
          }
        },
        "type": "if",
        "locations": [
          {
            "start": {
              "line": 70,
              "column": 6
            },
            "end": {
              "line": 71,
              "column": 15
            }
          },
          {
            "start": {},
            "end": {}
          }
        ],
        "line": 70
      },
      "4": {
        "loc": {
          "start": {
            "line": 73,
            "column": 6
          },
          "end": {
            "line": 74,
            "column": 54
          }
        },
        "type": "if",
        "locations": [
          {
            "start": {
              "line": 73,
              "column": 6
            },
            "end": {
              "line": 74,
              "column": 54
            }
          },
          {
            "start": {},
            "end": {}
          }
        ],
        "line": 73
      }
    },
    "s": {
      "0": 2,
      "1": 2,
      "2": 0,
      "3": 2,
      "4": 2,
      "5": 2,
      "6": 2,
      "7": 2,
      "8": 2,
      "9": 2,
      "10": 2,
      "11": 2,
      "12": 4,
      "13": 2,
      "14": 2,
      "15": 2,
      "16": 0,
      "17": 2,
      "18": 0,
      "19": 0,
      "20": 2,
      "21": 2,
      "22": 1,
      "23": 2,
      "24": 2,
      "25": 2,
      "26": 2,
      "27": 2,
      "28": 2,
      "29": 1,
      "30": 1,
      "31": 0,
      "32": 0,
      "33": 0,
      "34": 0,
      "35": 0
    },
    "f": {
      "0": 2,
      "1": 2,
      "2": 4,
      "3": 0,
      "4": 0,
      "5": 1,
      "6": 1,
      "7": 0
    },
    "b": {
      "0": [
        2,
        0
      ],
      "1": [
        0,
        2
      ],
      "2": [
        2,
        0
      ],
      "3": [
        0,
        0
      ],
      "4": [
        0,
        0
      ]
    },
    "inputSourceMap": {
      "version": 3,
      "mappings": "AAuBQ;;;;;;;;;;;;;;;;AAvBR,SAA+CA,gBAAgB;AAC/D,SAASC,gBAAgBC,sBAAsB;AAC/C,SAASC,oBAAoB;AAC7B,OAAO;AAEP,MAAMC,SAASA,MAAM;AAAAC;AACnB,QAAMC,SAASJ,eAAgBK,WAAUA,MAAMD,OAAOE,KAAK;AAC3D,QAAM,CAACC,aAAaC,cAAc,IAAIV,SAASM,MAAM;AACrD,QAAMK,WAAWV,eAAe;AAEhC,QAAMW,qBAA4DC,WAAU;AAC1EH,mBAAeG,MAAMC,OAAON,KAAK;AAAA,EACnC;AAEA,QAAMO,eAAkCF,WAAU;AAChDA,UAAMG,eAAe;AAErBL,aAASR,aAAaM,WAAW,CAAC;AAAA,EACpC;AAEA,SACE,uBAAC,SAAI,WAAU,cACb,iCAAC,UAAK,UAAUM,cACd;AAAA,2BAAC,WACC,MAAK,QACL,WAAU,gBACV,OAAON,aACP,UAAUG,oBACV,aAAY,eALd;AAAA;AAAA;AAAA;AAAA,WAKyB;AAAA,IAEzB,uBAAC,YAAO,MAAK,UAAS,WAAU,iBAAgB,sBAAhD;AAAA;AAAA;AAAA;AAAA,WAEA;AAAA,OAVF;AAAA;AAAA;AAAA;AAAA,SAWA,KAZF;AAAA;AAAA;AAAA;AAAA,SAaA;AAEJ;AAAEP,GA/BID,QAAM;AAAA,UACKF,gBAEED,cAAc;AAAA;AAAAgB,KAH3Bb;AAiCN,eAAeA;AAAO;AAAAc",
      "names": [
        "useState",
        "useAppDispatch",
        "useAppSelector",
        "searchPhotos",
        "Search",
        "_s",
        "search",
        "state",
        "value",
        "searchValue",
        "setSearchValue",
        "dispatch",
        "handleSearchChange",
        "event",
        "target",
        "handleSubmit",
        "preventDefault",
        "_c",
        "$RefreshReg$"
      ],
      "sources": [
        "D:/1web/rsschool/react-course/rsschool-react-course/src/components/ui/Search.tsx"
      ],
      "file": "D:/1web/rsschool/react-course/rsschool-react-course/src/components/ui/Search.tsx"
    },
    "_coverageSchema": "1a1c01bbd47fc00a2c39e90264f33305004495a9",
    "hash": "8cda915a09e05e0c0044dd05903b610b65e962dd"
  },
  "D:/1web/rsschool/react-course/rsschool-react-course/src/components/ui/Modal.tsx": {
    "path": "D:/1web/rsschool/react-course/rsschool-react-course/src/components/ui/Modal.tsx",
    "statementMap": {
      "0": {
        "start": {
          "line": 5,
          "column": 0
        },
        "end": {
          "line": 15,
          "column": 1
        }
      },
      "1": {
        "start": {
          "line": 6,
          "column": 2
        },
        "end": {
          "line": 8,
          "column": 3
        }
      },
      "2": {
        "start": {
          "line": 7,
          "column": 4
        },
        "end": {
          "line": 7,
          "column": 165
        }
      },
      "3": {
        "start": {
          "line": 9,
          "column": 2
        },
        "end": {
          "line": 9,
          "column": 39
        }
      },
      "4": {
        "start": {
          "line": 10,
          "column": 2
        },
        "end": {
          "line": 10,
          "column": 39
        }
      },
      "5": {
        "start": {
          "line": 11,
          "column": 2
        },
        "end": {
          "line": 13,
          "column": 4
        }
      },
      "6": {
        "start": {
          "line": 12,
          "column": 4
        },
        "end": {
          "line": 12,
          "column": 123
        }
      },
      "7": {
        "start": {
          "line": 14,
          "column": 2
        },
        "end": {
          "line": 14,
          "column": 75
        }
      },
      "8": {
        "start": {
          "line": 16,
          "column": 9
        },
        "end": {
          "line": 16,
          "column": 23
        }
      },
      "9": {
        "start": {
          "line": 19,
          "column": 14
        },
        "end": {
          "line": 107,
          "column": 1
        }
      },
      "10": {
        "start": {
          "line": 25,
          "column": 2
        },
        "end": {
          "line": 25,
          "column": 7
        }
      },
      "11": {
        "start": {
          "line": 26,
          "column": 30
        },
        "end": {
          "line": 26,
          "column": 44
        }
      },
      "12": {
        "start": {
          "line": 27,
          "column": 27
        },
        "end": {
          "line": 30,
          "column": 3
        }
      },
      "13": {
        "start": {
          "line": 28,
          "column": 4
        },
        "end": {
          "line": 28,
          "column": 21
        }
      },
      "14": {
        "start": {
          "line": 29,
          "column": 4
        },
        "end": {
          "line": 29,
          "column": 19
        }
      },
      "15": {
        "start": {
          "line": 31,
          "column": 2
        },
        "end": {
          "line": 106,
          "column": 11
        }
      },
      "16": {
        "start": {
          "line": 31,
          "column": 273
        },
        "end": {
          "line": 31,
          "column": 292
        }
      },
      "17": {
        "start": {
          "line": 108,
          "column": 0
        },
        "end": {
          "line": 108,
          "column": 42
        }
      },
      "18": {
        "start": {
          "line": 109,
          "column": 0
        },
        "end": {
          "line": 109,
          "column": 11
        }
      },
      "19": {
        "start": {
          "line": 112,
          "column": 0
        },
        "end": {
          "line": 112,
          "column": 26
        }
      },
      "20": {
        "start": {
          "line": 113,
          "column": 0
        },
        "end": {
          "line": 129,
          "column": 1
        }
      },
      "21": {
        "start": {
          "line": 114,
          "column": 2
        },
        "end": {
          "line": 114,
          "column": 39
        }
      },
      "22": {
        "start": {
          "line": 115,
          "column": 2
        },
        "end": {
          "line": 115,
          "column": 39
        }
      },
      "23": {
        "start": {
          "line": 116,
          "column": 2
        },
        "end": {
          "line": 128,
          "column": 5
        }
      },
      "24": {
        "start": {
          "line": 120,
          "column": 4
        },
        "end": {
          "line": 120,
          "column": 149
        }
      },
      "25": {
        "start": {
          "line": 121,
          "column": 4
        },
        "end": {
          "line": 127,
          "column": 7
        }
      },
      "26": {
        "start": {
          "line": 122,
          "column": 6
        },
        "end": {
          "line": 123,
          "column": 15
        }
      },
      "27": {
        "start": {
          "line": 123,
          "column": 8
        },
        "end": {
          "line": 123,
          "column": 15
        }
      },
      "28": {
        "start": {
          "line": 124,
          "column": 32
        },
        "end": {
          "line": 124,
          "column": 115
        }
      },
      "29": {
        "start": {
          "line": 125,
          "column": 6
        },
        "end": {
          "line": 126,
          "column": 54
        }
      },
      "30": {
        "start": {
          "line": 126,
          "column": 8
        },
        "end": {
          "line": 126,
          "column": 54
        }
      }
    },
    "fnMap": {
      "0": {
        "name": "(anonymous_0)",
        "decl": {
          "start": {
            "line": 11,
            "column": 24
          },
          "end": {
            "line": 11,
            "column": 25
          }
        },
        "loc": {
          "start": {
            "line": 11,
            "column": 38
          },
          "end": {
            "line": 13,
            "column": 3
          }
        },
        "line": 11
      },
      "1": {
        "name": "(anonymous_1)",
        "decl": {
          "start": {
            "line": 19,
            "column": 14
          },
          "end": {
            "line": 19,
            "column": 15
          }
        },
        "loc": {
          "start": {
            "line": 24,
            "column": 6
          },
          "end": {
            "line": 107,
            "column": 1
          }
        },
        "line": 24
      },
      "2": {
        "name": "(anonymous_2)",
        "decl": {
          "start": {
            "line": 27,
            "column": 27
          },
          "end": {
            "line": 27,
            "column": 28
          }
        },
        "loc": {
          "start": {
            "line": 27,
            "column": 33
          },
          "end": {
            "line": 30,
            "column": 3
          }
        },
        "line": 27
      },
      "3": {
        "name": "(anonymous_3)",
        "decl": {
          "start": {
            "line": 31,
            "column": 266
          },
          "end": {
            "line": 31,
            "column": 267
          }
        },
        "loc": {
          "start": {
            "line": 31,
            "column": 273
          },
          "end": {
            "line": 31,
            "column": 292
          }
        },
        "line": 31
      },
      "4": {
        "name": "(anonymous_4)",
        "decl": {
          "start": {
            "line": 119,
            "column": 9
          },
          "end": {
            "line": 119,
            "column": 10
          }
        },
        "loc": {
          "start": {
            "line": 119,
            "column": 29
          },
          "end": {
            "line": 128,
            "column": 3
          }
        },
        "line": 119
      },
      "5": {
        "name": "(anonymous_5)",
        "decl": {
          "start": {
            "line": 121,
            "column": 27
          },
          "end": {
            "line": 121,
            "column": 28
          }
        },
        "loc": {
          "start": {
            "line": 121,
            "column": 44
          },
          "end": {
            "line": 127,
            "column": 5
          }
        },
        "line": 121
      }
    },
    "branchMap": {
      "0": {
        "loc": {
          "start": {
            "line": 5,
            "column": 0
          },
          "end": {
            "line": 15,
            "column": 1
          }
        },
        "type": "if",
        "locations": [
          {
            "start": {
              "line": 5,
              "column": 0
            },
            "end": {
              "line": 15,
              "column": 1
            }
          },
          {
            "start": {},
            "end": {}
          }
        ],
        "line": 5
      },
      "1": {
        "loc": {
          "start": {
            "line": 6,
            "column": 2
          },
          "end": {
            "line": 8,
            "column": 3
          }
        },
        "type": "if",
        "locations": [
          {
            "start": {
              "line": 6,
              "column": 2
            },
            "end": {
              "line": 8,
              "column": 3
            }
          },
          {
            "start": {},
            "end": {}
          }
        ],
        "line": 6
      },
      "2": {
        "loc": {
          "start": {
            "line": 31,
            "column": 54
          },
          "end": {
            "line": 102,
            "column": 10
          }
        },
        "type": "binary-expr",
        "locations": [
          {
            "start": {
              "line": 31,
              "column": 54
            },
            "end": {
              "line": 31,
              "column": 60
            }
          },
          {
            "start": {
              "line": 31,
              "column": 80
            },
            "end": {
              "line": 102,
              "column": 10
            }
          }
        ],
        "line": 31
      },
      "3": {
        "loc": {
          "start": {
            "line": 37,
            "column": 4
          },
          "end": {
            "line": 93,
            "column": 12
          }
        },
        "type": "cond-expr",
        "locations": [
          {
            "start": {
              "line": 37,
              "column": 45
            },
            "end": {
              "line": 45,
              "column": 12
            }
          },
          {
            "start": {
              "line": 45,
              "column": 31
            },
            "end": {
              "line": 93,
              "column": 12
            }
          }
        ],
        "line": 37
      },
      "4": {
        "loc": {
          "start": {
            "line": 113,
            "column": 0
          },
          "end": {
            "line": 129,
            "column": 1
          }
        },
        "type": "if",
        "locations": [
          {
            "start": {
              "line": 113,
              "column": 0
            },
            "end": {
              "line": 129,
              "column": 1
            }
          },
          {
            "start": {},
            "end": {}
          }
        ],
        "line": 113
      },
      "5": {
        "loc": {
          "start": {
            "line": 122,
            "column": 6
          },
          "end": {
            "line": 123,
            "column": 15
          }
        },
        "type": "if",
        "locations": [
          {
            "start": {
              "line": 122,
              "column": 6
            },
            "end": {
              "line": 123,
              "column": 15
            }
          },
          {
            "start": {},
            "end": {}
          }
        ],
        "line": 122
      },
      "6": {
        "loc": {
          "start": {
            "line": 125,
            "column": 6
          },
          "end": {
            "line": 126,
            "column": 54
          }
        },
        "type": "if",
        "locations": [
          {
            "start": {
              "line": 125,
              "column": 6
            },
            "end": {
              "line": 126,
              "column": 54
            }
          },
          {
            "start": {},
            "end": {}
          }
        ],
        "line": 125
      }
    },
    "s": {
      "0": 2,
      "1": 2,
      "2": 0,
      "3": 2,
      "4": 2,
      "5": 2,
      "6": 2,
      "7": 2,
      "8": 2,
      "9": 2,
      "10": 0,
      "11": 0,
      "12": 0,
      "13": 0,
      "14": 0,
      "15": 0,
      "16": 0,
      "17": 2,
      "18": 2,
      "19": 2,
      "20": 2,
      "21": 2,
      "22": 2,
      "23": 2,
      "24": 1,
      "25": 1,
      "26": 0,
      "27": 0,
      "28": 0,
      "29": 0,
      "30": 0
    },
    "f": {
      "0": 2,
      "1": 0,
      "2": 0,
      "3": 0,
      "4": 1,
      "5": 0
    },
    "b": {
      "0": [
        2,
        0
      ],
      "1": [
        0,
        2
      ],
      "2": [
        0,
        0
      ],
      "3": [
        0,
        0
      ],
      "4": [
        2,
        0
      ],
      "5": [
        0,
        0
      ],
      "6": [
        0,
        0
      ]
    },
    "inputSourceMap": {
      "version": 3,
      "mappings": "AAoBI,mBAIQ,cAJR;;;;;;;;;;;;;;;;AApBJ,SAASA,gBAAgB;AAEzB,OAAO;AASP,MAAMC,QAAQA,CAAC;AAAA,EAAEC;AAAAA,EAAWC;AAAAA,EAAMC;AAAAA,EAASC;AAAiB,MAAM;AAAAC;AAChE,QAAM,CAACC,QAAQC,SAAS,IAAIR,SAAkBG,IAAI;AAElD,QAAMM,mBAAmBA,MAAM;AAC7BD,cAAU,KAAK;AACfJ,YAAQ,KAAK;AAAA,EACf;AAEA,SACE,mCACGG,oBACC,uBAAC,SAAI,WAAU,mBAAkB,eAAY,mBAAkB,SAASE,kBACtE,iCAAC,SAAI,WAAU,iBAAgB,SAAUC,OAAMA,EAAEC,gBAAgB,GAC/D;AAAA,2BAAC,YAAO,WAAU,gBAAe,SAASF,kBAAkB,iBAA5D;AAAA;AAAA;AAAA;AAAA,WAEA;AAAA,IACCP,cAAc,WACb,uBAAC,SAAI,WAAU,oBACb,iCAAC,QAAG,6CAAJ;AAAA;AAAA;AAAA;AAAA,WAAiC,KADnC;AAAA;AAAA;AAAA;AAAA,WAEA,IAEA,uBAAC,SAAI,WAAU,cACb;AAAA,6BAAC,SACC,KAAM,iCAAgCG,MAAMO,UAAUP,MAAMQ,MAAMR,MAAMS,cACxE,KAAKT,MAAMU,SAFb;AAAA;AAAA;AAAA;AAAA,aAEmB;AAAA,MAEnB,uBAAC,SAAI,WAAU,uBACb;AAAA,+BAAC,OAAE,WAAU,cAAa;AAAA;AAAA,UAAQV,MAAMU;AAAAA,aAAxC;AAAA;AAAA;AAAA;AAAA,eAA8C;AAAA,QAC9C,uBAAC,OAAE,WAAU,cAAa;AAAA;AAAA,UAAQV,MAAMW;AAAAA,aAAxC;AAAA;AAAA;AAAA;AAAA,eAA8C;AAAA,QAC9C,uBAAC,OAAE,WAAU,cAAa;AAAA;AAAA,UAAKX,MAAMQ;AAAAA,aAArC;AAAA;AAAA;AAAA;AAAA,eAAwC;AAAA,QACxC,uBAAC,OAAE,WAAU,cAAa;AAAA;AAAA,UAASR,MAAMO;AAAAA,aAAzC;AAAA;AAAA;AAAA;AAAA,eAAgD;AAAA,WAJlD;AAAA;AAAA;AAAA;AAAA,aAKA;AAAA,SAVF;AAAA;AAAA;AAAA;AAAA,WAWA;AAAA,OApBJ;AAAA;AAAA;AAAA;AAAA,SAsBA,KAvBF;AAAA;AAAA;AAAA;AAAA,SAwBA,KA1BJ;AAAA;AAAA;AAAA;AAAA,SA4BA;AAEJ;AAAEN,GAvCIL,OAAK;AAAAgB,KAALhB;AAyCN,eAAeA;AAAM;AAAAiB",
      "names": [
        "useState",
        "Modal",
        "modalType",
        "open",
        "onClose",
        "card",
        "_s",
        "isOpen",
        "setIsOpen",
        "handleCloseModal",
        "e",
        "stopPropagation",
        "server",
        "id",
        "secret",
        "title",
        "owner",
        "_c",
        "$RefreshReg$"
      ],
      "sources": [
        "D:/1web/rsschool/react-course/rsschool-react-course/src/components/ui/Modal.tsx"
      ],
      "file": "D:/1web/rsschool/react-course/rsschool-react-course/src/components/ui/Modal.tsx"
    },
    "_coverageSchema": "1a1c01bbd47fc00a2c39e90264f33305004495a9",
    "hash": "d11eef5c18d9c917732953b8c7c2245ce8cf4764"
  },
  "D:/1web/rsschool/react-course/rsschool-react-course/src/pages/Home.tsx": {
    "path": "D:/1web/rsschool/react-course/rsschool-react-course/src/pages/Home.tsx",
    "statementMap": {
      "0": {
        "start": {
          "line": 5,
          "column": 0
        },
        "end": {
          "line": 15,
          "column": 1
        }
      },
      "1": {
        "start": {
          "line": 6,
          "column": 2
        },
        "end": {
          "line": 8,
          "column": 3
        }
      },
      "2": {
        "start": {
          "line": 7,
          "column": 4
        },
        "end": {
          "line": 7,
          "column": 165
        }
      },
      "3": {
        "start": {
          "line": 9,
          "column": 2
        },
        "end": {
          "line": 9,
          "column": 39
        }
      },
      "4": {
        "start": {
          "line": 10,
          "column": 2
        },
        "end": {
          "line": 10,
          "column": 39
        }
      },
      "5": {
        "start": {
          "line": 11,
          "column": 2
        },
        "end": {
          "line": 13,
          "column": 4
        }
      },
      "6": {
        "start": {
          "line": 12,
          "column": 4
        },
        "end": {
          "line": 12,
          "column": 114
        }
      },
      "7": {
        "start": {
          "line": 14,
          "column": 2
        },
        "end": {
          "line": 14,
          "column": 75
        }
      },
      "8": {
        "start": {
          "line": 16,
          "column": 9
        },
        "end": {
          "line": 16,
          "column": 23
        }
      },
      "9": {
        "start": {
          "line": 25,
          "column": 13
        },
        "end": {
          "line": 78,
          "column": 1
        }
      },
      "10": {
        "start": {
          "line": 26,
          "column": 2
        },
        "end": {
          "line": 26,
          "column": 7
        }
      },
      "11": {
        "start": {
          "line": 27,
          "column": 28
        },
        "end": {
          "line": 27,
          "column": 43
        }
      },
      "12": {
        "start": {
          "line": 28,
          "column": 42
        },
        "end": {
          "line": 28,
          "column": 52
        }
      },
      "13": {
        "start": {
          "line": 29,
          "column": 17
        },
        "end": {
          "line": 29,
          "column": 62
        }
      },
      "14": {
        "start": {
          "line": 29,
          "column": 43
        },
        "end": {
          "line": 29,
          "column": 61
        }
      },
      "15": {
        "start": {
          "line": 34,
          "column": 6
        },
        "end": {
          "line": 34,
          "column": 31
        }
      },
      "16": {
        "start": {
          "line": 35,
          "column": 24
        },
        "end": {
          "line": 38,
          "column": 3
        }
      },
      "17": {
        "start": {
          "line": 36,
          "column": 4
        },
        "end": {
          "line": 36,
          "column": 72
        }
      },
      "18": {
        "start": {
          "line": 36,
          "column": 57
        },
        "end": {
          "line": 36,
          "column": 69
        }
      },
      "19": {
        "start": {
          "line": 37,
          "column": 4
        },
        "end": {
          "line": 37,
          "column": 19
        }
      },
      "20": {
        "start": {
          "line": 39,
          "column": 2
        },
        "end": {
          "line": 41,
          "column": 3
        }
      },
      "21": {
        "start": {
          "line": 40,
          "column": 4
        },
        "end": {
          "line": 40,
          "column": 43
        }
      },
      "22": {
        "start": {
          "line": 42,
          "column": 2
        },
        "end": {
          "line": 77,
          "column": 11
        }
      },
      "23": {
        "start": {
          "line": 60,
          "column": 169
        },
        "end": {
          "line": 64,
          "column": 12
        }
      },
      "24": {
        "start": {
          "line": 79,
          "column": 0
        },
        "end": {
          "line": 81,
          "column": 3
        }
      },
      "25": {
        "start": {
          "line": 80,
          "column": 2
        },
        "end": {
          "line": 80,
          "column": 45
        }
      },
      "26": {
        "start": {
          "line": 82,
          "column": 0
        },
        "end": {
          "line": 82,
          "column": 10
        }
      },
      "27": {
        "start": {
          "line": 85,
          "column": 0
        },
        "end": {
          "line": 85,
          "column": 25
        }
      },
      "28": {
        "start": {
          "line": 86,
          "column": 0
        },
        "end": {
          "line": 102,
          "column": 1
        }
      },
      "29": {
        "start": {
          "line": 87,
          "column": 2
        },
        "end": {
          "line": 87,
          "column": 39
        }
      },
      "30": {
        "start": {
          "line": 88,
          "column": 2
        },
        "end": {
          "line": 88,
          "column": 39
        }
      },
      "31": {
        "start": {
          "line": 89,
          "column": 2
        },
        "end": {
          "line": 101,
          "column": 5
        }
      },
      "32": {
        "start": {
          "line": 93,
          "column": 4
        },
        "end": {
          "line": 93,
          "column": 140
        }
      },
      "33": {
        "start": {
          "line": 94,
          "column": 4
        },
        "end": {
          "line": 100,
          "column": 7
        }
      },
      "34": {
        "start": {
          "line": 95,
          "column": 6
        },
        "end": {
          "line": 96,
          "column": 15
        }
      },
      "35": {
        "start": {
          "line": 96,
          "column": 8
        },
        "end": {
          "line": 96,
          "column": 15
        }
      },
      "36": {
        "start": {
          "line": 97,
          "column": 32
        },
        "end": {
          "line": 97,
          "column": 115
        }
      },
      "37": {
        "start": {
          "line": 98,
          "column": 6
        },
        "end": {
          "line": 99,
          "column": 54
        }
      },
      "38": {
        "start": {
          "line": 99,
          "column": 8
        },
        "end": {
          "line": 99,
          "column": 54
        }
      }
    },
    "fnMap": {
      "0": {
        "name": "(anonymous_0)",
        "decl": {
          "start": {
            "line": 11,
            "column": 24
          },
          "end": {
            "line": 11,
            "column": 25
          }
        },
        "loc": {
          "start": {
            "line": 11,
            "column": 38
          },
          "end": {
            "line": 13,
            "column": 3
          }
        },
        "line": 11
      },
      "1": {
        "name": "(anonymous_1)",
        "decl": {
          "start": {
            "line": 25,
            "column": 13
          },
          "end": {
            "line": 25,
            "column": 14
          }
        },
        "loc": {
          "start": {
            "line": 25,
            "column": 19
          },
          "end": {
            "line": 78,
            "column": 1
          }
        },
        "line": 25
      },
      "2": {
        "name": "(anonymous_2)",
        "decl": {
          "start": {
            "line": 29,
            "column": 32
          },
          "end": {
            "line": 29,
            "column": 33
          }
        },
        "loc": {
          "start": {
            "line": 29,
            "column": 43
          },
          "end": {
            "line": 29,
            "column": 61
          }
        },
        "line": 29
      },
      "3": {
        "name": "(anonymous_3)",
        "decl": {
          "start": {
            "line": 35,
            "column": 24
          },
          "end": {
            "line": 35,
            "column": 25
          }
        },
        "loc": {
          "start": {
            "line": 35,
            "column": 32
          },
          "end": {
            "line": 38,
            "column": 3
          }
        },
        "line": 35
      },
      "4": {
        "name": "(anonymous_4)",
        "decl": {
          "start": {
            "line": 36,
            "column": 49
          },
          "end": {
            "line": 36,
            "column": 50
          }
        },
        "loc": {
          "start": {
            "line": 36,
            "column": 57
          },
          "end": {
            "line": 36,
            "column": 69
          }
        },
        "line": 36
      },
      "5": {
        "name": "(anonymous_5)",
        "decl": {
          "start": {
            "line": 60,
            "column": 141
          },
          "end": {
            "line": 60,
            "column": 142
          }
        },
        "loc": {
          "start": {
            "line": 60,
            "column": 169
          },
          "end": {
            "line": 64,
            "column": 12
          }
        },
        "line": 60
      },
      "6": {
        "name": "(anonymous_6)",
        "decl": {
          "start": {
            "line": 79,
            "column": 48
          },
          "end": {
            "line": 79,
            "column": 49
          }
        },
        "loc": {
          "start": {
            "line": 79,
            "column": 59
          },
          "end": {
            "line": 81,
            "column": 1
          }
        },
        "line": 79
      },
      "7": {
        "name": "(anonymous_7)",
        "decl": {
          "start": {
            "line": 92,
            "column": 9
          },
          "end": {
            "line": 92,
            "column": 10
          }
        },
        "loc": {
          "start": {
            "line": 92,
            "column": 29
          },
          "end": {
            "line": 101,
            "column": 3
          }
        },
        "line": 92
      },
      "8": {
        "name": "(anonymous_8)",
        "decl": {
          "start": {
            "line": 94,
            "column": 27
          },
          "end": {
            "line": 94,
            "column": 28
          }
        },
        "loc": {
          "start": {
            "line": 94,
            "column": 44
          },
          "end": {
            "line": 100,
            "column": 5
          }
        },
        "line": 94
      }
    },
    "branchMap": {
      "0": {
        "loc": {
          "start": {
            "line": 5,
            "column": 0
          },
          "end": {
            "line": 15,
            "column": 1
          }
        },
        "type": "if",
        "locations": [
          {
            "start": {
              "line": 5,
              "column": 0
            },
            "end": {
              "line": 15,
              "column": 1
            }
          },
          {
            "start": {},
            "end": {}
          }
        ],
        "line": 5
      },
      "1": {
        "loc": {
          "start": {
            "line": 6,
            "column": 2
          },
          "end": {
            "line": 8,
            "column": 3
          }
        },
        "type": "if",
        "locations": [
          {
            "start": {
              "line": 6,
              "column": 2
            },
            "end": {
              "line": 8,
              "column": 3
            }
          },
          {
            "start": {},
            "end": {}
          }
        ],
        "line": 6
      },
      "2": {
        "loc": {
          "start": {
            "line": 39,
            "column": 2
          },
          "end": {
            "line": 41,
            "column": 3
          }
        },
        "type": "if",
        "locations": [
          {
            "start": {
              "line": 39,
              "column": 2
            },
            "end": {
              "line": 41,
              "column": 3
            }
          },
          {
            "start": {},
            "end": {}
          }
        ],
        "line": 39
      },
      "3": {
        "loc": {
          "start": {
            "line": 45,
            "column": 4
          },
          "end": {
            "line": 49,
            "column": 12
          }
        },
        "type": "binary-expr",
        "locations": [
          {
            "start": {
              "line": 45,
              "column": 4
            },
            "end": {
              "line": 45,
              "column": 9
            }
          },
          {
            "start": {
              "line": 45,
              "column": 29
            },
            "end": {
              "line": 49,
              "column": 12
            }
          }
        ],
        "line": 45
      },
      "4": {
        "loc": {
          "start": {
            "line": 60,
            "column": 89
          },
          "end": {
            "line": 68,
            "column": 12
          }
        },
        "type": "cond-expr",
        "locations": [
          {
            "start": {
              "line": 60,
              "column": 113
            },
            "end": {
              "line": 64,
              "column": 13
            }
          },
          {
            "start": {
              "line": 64,
              "column": 32
            },
            "end": {
              "line": 68,
              "column": 12
            }
          }
        ],
        "line": 60
      },
      "5": {
        "loc": {
          "start": {
            "line": 86,
            "column": 0
          },
          "end": {
            "line": 102,
            "column": 1
          }
        },
        "type": "if",
        "locations": [
          {
            "start": {
              "line": 86,
              "column": 0
            },
            "end": {
              "line": 102,
              "column": 1
            }
          },
          {
            "start": {},
            "end": {}
          }
        ],
        "line": 86
      },
      "6": {
        "loc": {
          "start": {
            "line": 95,
            "column": 6
          },
          "end": {
            "line": 96,
            "column": 15
          }
        },
        "type": "if",
        "locations": [
          {
            "start": {
              "line": 95,
              "column": 6
            },
            "end": {
              "line": 96,
              "column": 15
            }
          },
          {
            "start": {},
            "end": {}
          }
        ],
        "line": 95
      },
      "7": {
        "loc": {
          "start": {
            "line": 98,
            "column": 6
          },
          "end": {
            "line": 99,
            "column": 54
          }
        },
        "type": "if",
        "locations": [
          {
            "start": {
              "line": 98,
              "column": 6
            },
            "end": {
              "line": 99,
              "column": 54
            }
          },
          {
            "start": {},
            "end": {}
          }
        ],
        "line": 98
      }
    },
    "s": {
      "0": 2,
      "1": 2,
      "2": 0,
      "3": 2,
      "4": 2,
      "5": 2,
      "6": 2,
      "7": 2,
      "8": 2,
      "9": 2,
      "10": 2,
      "11": 2,
      "12": 2,
      "13": 2,
      "14": 4,
      "15": 2,
      "16": 2,
      "17": 0,
      "18": 0,
      "19": 0,
      "20": 2,
      "21": 0,
      "22": 2,
      "23": 24,
      "24": 2,
      "25": 1,
      "26": 2,
      "27": 2,
      "28": 2,
      "29": 2,
      "30": 2,
      "31": 2,
      "32": 1,
      "33": 1,
      "34": 0,
      "35": 0,
      "36": 0,
      "37": 0,
      "38": 0
    },
    "f": {
      "0": 2,
      "1": 2,
      "2": 4,
      "3": 0,
      "4": 0,
      "5": 24,
      "6": 1,
      "7": 1,
      "8": 0
    },
    "b": {
      "0": [
        2,
        0
      ],
      "1": [
        0,
        2
      ],
      "2": [
        0,
        2
      ],
      "3": [
        2,
        0
      ],
      "4": [
        2,
        0
      ],
      "5": [
        2,
        0
      ],
      "6": [
        0,
        0
      ],
      "7": [
        0,
        0
      ]
    },
    "inputSourceMap": {
      "version": 3,
      "mappings": "AA8BgB;;;;;;;;;;;;;;;;AA9BhB,SAASA,gBAAgB;AACzB,OAAOC,UAAU;AACjB,OAAOC,aAAa;AACpB,SAAgBC,yBAAyB;AACzC,OAAOC,YAAY;AACnB,OAAO;AACP,OAAOC,WAAW;AAClB,SAASC,sBAAsB;AAE/B,MAAMC,OAAOA,MAAM;AAAAC;AACjB,QAAM,CAACC,OAAOC,QAAQ,IAAIV,SAAS,KAAK;AACxC,QAAM,CAACW,cAAcC,eAAe,IAAIZ,SAAgB;AACxD,QAAMa,SAASP,eAAgBQ,WAAUA,MAAMD,OAAOE,KAAK;AAE3D,QAAM;AAAA,IACJC,MAAMC;AAAAA,IACNC,OAAOC;AAAAA,IACPC,WAAWC;AAAAA,EACb,IAAIlB,kBAAkBU,MAAM;AAE5B,QAAMS,gBAAgBA,CAACC,OAAe;AACpCX,oBAAgBK,WAAYO,OAAOC,MAAMC,KAAMC,QAAOA,GAAGJ,OAAOA,EAAE,CAAC;AACnEb,aAAS,IAAI;AAAA,EACf;AAEA,MAAIS,kBAAkB;AACpBS,YAAQC,IAAI,SAASV,gBAAgB;AAAA,EACvC;AACA,SACE,uBAAC,SAAI,WAAU,kBAAiB,eAAY,QAAO,OAAO;AAAA,IAAEW,UAAU;AAAA,EAAS,GAC5ErB;AAAAA,aAAS,uBAAC,SAAM,WAAU,QAAO,MAAMA,OAAO,MAAME,cAAc,SAASD,YAAlE;AAAA;AAAA;AAAA;AAAA,WAA2E;AAAA,IACrF,uBAAC,YAAD;AAAA;AAAA;AAAA;AAAA,WAAO;AAAA,IACP,uBAAC,QAAG,WAAU,WAAU,2CAAxB;AAAA;AAAA;AAAA;AAAA,WAAmD;AAAA,IACnD,uBAAC,SAAI,WAAU,kBAAiB,MAAK,QAClC,WAACW,uBACAJ,WAAYO,OAAOC,MAAMM,IAAKP,YAC5B,uBAAC,QAAqB,GAAIA,QAAQ,aAAaF,iBAApCE,OAAOD,IAAlB;AAAA;AAAA;AAAA;AAAA,WAA6D,CAC9D,IAED,uBAAC,aAAD;AAAA;AAAA;AAAA;AAAA,WAAQ,KANZ;AAAA;AAAA;AAAA;AAAA,WAQA;AAAA,OAZF;AAAA;AAAA;AAAA;AAAA,SAaA;AAEJ;AAAEf,GAnCID,MAAI;AAAA,UAGOD,gBAMXH,iBAAiB;AAAA;AAAA6B,KATjBzB;AAqCN,eAAeA;AAAK;AAAA0B",
      "names": [
        "useState",
        "Card",
        "Loading",
        "useGetPhotosQuery",
        "Search",
        "Modal",
        "useAppSelector",
        "Home",
        "_s",
        "modal",
        "setModal",
        "selectedCard",
        "setSelectedCard",
        "search",
        "state",
        "value",
        "data",
        "photosData",
        "error",
        "interestingError",
        "isLoading",
        "interestingIsLoading",
        "openCardModal",
        "id",
        "photos",
        "photo",
        "find",
        "el",
        "console",
        "log",
        "overflow",
        "map",
        "_c",
        "$RefreshReg$"
      ],
      "sources": [
        "D:/1web/rsschool/react-course/rsschool-react-course/src/pages/Home.tsx"
      ],
      "file": "D:/1web/rsschool/react-course/rsschool-react-course/src/pages/Home.tsx"
    },
    "_coverageSchema": "1a1c01bbd47fc00a2c39e90264f33305004495a9",
    "hash": "1e199fbf43c63d146c4ec91a8458f24c5a54824a"
  },
  "D:/1web/rsschool/react-course/rsschool-react-course/src/pages/AboutUs.tsx": {
    "path": "D:/1web/rsschool/react-course/rsschool-react-course/src/pages/AboutUs.tsx",
    "statementMap": {
      "0": {
        "start": {
          "line": 5,
          "column": 0
        },
        "end": {
          "line": 15,
          "column": 1
        }
      },
      "1": {
        "start": {
          "line": 6,
          "column": 2
        },
        "end": {
          "line": 8,
          "column": 3
        }
      },
      "2": {
        "start": {
          "line": 7,
          "column": 4
        },
        "end": {
          "line": 7,
          "column": 165
        }
      },
      "3": {
        "start": {
          "line": 9,
          "column": 2
        },
        "end": {
          "line": 9,
          "column": 39
        }
      },
      "4": {
        "start": {
          "line": 10,
          "column": 2
        },
        "end": {
          "line": 10,
          "column": 39
        }
      },
      "5": {
        "start": {
          "line": 11,
          "column": 2
        },
        "end": {
          "line": 13,
          "column": 4
        }
      },
      "6": {
[...]
    "b": {
      "0": [
        2,
        0
      ],
      "1": [
        0,
        2
      ],
      "2": [
        1,
        0
      ],
      "3": [
        1,
        1
      ],
      "4": [
        2,
        0
      ],
      "5": [
        0,
        0
      ],
      "6": [
        0,
        0
      ]
    },
    "inputSourceMap": {
      "version": 3,
      "mappings": "AAgEgB;;;;;;;;;;;;;;;;AAhEhB,SAASA,gBAAgB;AACzB,SAAwBC,eAAe;AACvC,OAAOC,mBAAmB;AAC1B,OAAOC,eAAe;AACtB,OAAOC,gBAAgB;AACvB,OAAOC,iBAAiB;AACxB,OAAOC,eAAe;AACtB,OAAOC,iBAAiB;AACxB,OAAOC,WAAW;AAClB,OAAOC,gBAAgB;AACvB,SAASC,gBAAgBC,sBAAsB;AAC/C,SAASC,mBAAmB;AAC5B,OAAO;AAyBP,MAAMC,SAASA,MAAM;AAAAC;AACnB,QAAM,CAACC,OAAOC,QAAQ,IAAIhB,SAAS,KAAK;AACxC,QAAMiB,QAAQN,eAAgBO,WAAUA,MAAMC,KAAKC,SAAS;AAC5D,QAAMC,WAAWX,eAAe;AAChC,QAAM;AAAA,IACJY;AAAAA,IACAC;AAAAA,IACAC;AAAAA,IACAC,WAAW;AAAA,MAAEC;AAAAA,IAAO;AAAA,EACtB,IAAIzB,QAAqB;AACzB,QAAM0B,WAAwCC,UAAS;AACrD,UAAMC,UAAU;AAAA,MACdC,MAAMF,KAAKG;AAAAA,MACXC,YAAYJ,KAAKI;AAAAA,MACjBC,UAAUL,KAAKM;AAAAA,MACfC,SAASP,KAAKQ;AAAAA,MACdC,KAAKT,KAAKU;AAAAA,MACVC,WAAWX,KAAKY;AAAAA,MAChBC,KAAKC,IAAIC,gBAAgBf,KAAKgB,MAAM,CAAC,CAAoB;AAAA,IAC3D;AACAvB,aAAST,YAAYiB,OAAO,CAAC;AAC7BL,UAAM;AACNR,aAAS,IAAI;AAAA,EACf;AAEA,SACE,uBAAC,SAAI,WAAU,UACZD;AAAAA,aAAS,uBAAC,SAAM,WAAU,UAAS,MAAMA,OAAO,SAASC,YAAhD;AAAA;AAAA;AAAA;AAAA,WAAyD;AAAA,IACnE,uBAAC,SAAI,WAAU,kBACb;AAAA,6BAAC,QAAG,eAAY,aAAY,sDAA5B;AAAA;AAAA;AAAA;AAAA,aAAkE;AAAA,MAClE,uBAAC,QAAG,mDAAJ;AAAA;AAAA;AAAA;AAAA,aAAuC;AAAA,MACvC,uBAAC,UAAK,UAAUO,aAAaI,QAAQ,GACnC;AAAA,+BAAC,aAAU,MAAK,YAAW,OAAM,aAAY,UAAoB,UAAjE;AAAA;AAAA;AAAA;AAAA,eAAgF;AAAA,QAChF,uBAAC,aAAU,OAAM,YAAW,UAAoB,UAAhD;AAAA;AAAA;AAAA;AAAA,eAA+D;AAAA,QAC/D,uBAAC,eACC,OAAM,WACN,GAAIL,SAAS,WAAW;AAAA,UAAEuB,UAAU;AAAA,QAAK,CAAC,GAC1C,UAHF;AAAA;AAAA;AAAA;AAAA,eAGiB;AAAA,QAEjB,uBAAC,cACC,QACA,OAAM,OACN,SAAS,CACP;AAAA,UAAEf,MAAM;AAAA,UAAQgB,OAAO;AAAA,QAAO,GAC9B;AAAA,UAAEhB,MAAM;AAAA,UAAUgB,OAAO;AAAA,QAAS,CAAC,GAErC,GAAIxB,SAAS,OAAO;AAAA,UAAEuB,UAAU;AAAA,QAAK,CAAC,KAPxC;AAAA;AAAA;AAAA;AAAA,eAO0C;AAAA,QAE1C,uBAAC,iBAAc,OAAM,aAAY,YAAjC;AAAA;AAAA;AAAA;AAAA,eAAoD;AAAA,QACpD,uBAAC,QAAG,uCAAJ;AAAA;AAAA;AAAA;AAAA,eAA2B;AAAA,QAC3B,uBAAC,aACC,MAAK,cACL,OAAM,kCACN,UACA,UAJF;AAAA;AAAA;AAAA;AAAA,eAIiB;AAAA,QAEjB,uBAAC,eACC,MAAK,SACL,OAAM,4BACN,UACA,YAAYnB,OAAOkB,SAJrB;AAAA;AAAA;AAAA;AAAA,eAI2B;AAAA,QAE3B,uBAAC,YAAO,MAAK,UAAS,sBAAtB;AAAA;AAAA;AAAA;AAAA,eAA4B;AAAA,WA/B9B;AAAA;AAAA;AAAA;AAAA,aAgCA;AAAA,SAnCF;AAAA;AAAA;AAAA;AAAA,WAoCA;AAAA,IACC3B,SACC,uBAAC,SAAI,WAAU,0BACZA,gBAAM8B,IAAI,CAACC,MAAgBC,MAC1B,uBAAC,cAA+B,GAAID,QAAnBA,KAAKlB,OAAOmB,GAA7B;AAAA;AAAA;AAAA;AAAA,WAAyC,CAC1C,KAHH;AAAA;AAAA;AAAA;AAAA,WAIA;AAAA,OA5CJ;AAAA;AAAA;AAAA;AAAA,SA8CA;AAEJ;AAAEnC,GA1EID,QAAM;AAAA,UAEIF,gBACGD,gBAMbT,OAAO;AAAA;AAAAiD,KATPrC;AA4EN,eAAeA;AAAO;AAAAsC",
      "names": [
        "useState",
        "useForm",
        "CheckBoxField",
        "DateField",
        "RadioField",
        "SelectField",
        "TextField",
        "UploadField",
        "Modal",
        "SurveyCard",
        "useAppDispatch",
        "useAppSelector",
        "addFormCard",
        "Survey",
        "_s",
        "modal",
        "setModal",
        "cards",
        "state",
        "form",
        "formCards",
        "dispatch",
        "register",
        "handleSubmit",
        "reset",
        "formState",
        "errors",
        "onSubmit",
        "data",
        "newData",
        "name",
        "userName",
        "animalName",
        "birthday",
        "Birthday",
        "country",
        "Country",
        "sex",
        "Sex",
        "agreement",
        "Agreement",
        "img",
        "URL",
        "createObjectURL",
        "image",
        "required",
        "value",
        "map",
        "card",
        "i",
        "_c",
        "$RefreshReg$"
      ],
      "sources": [
        "D:/1web/rsschool/react-course/rsschool-react-course/src/pages/Survey.tsx"
      ],
      "file": "D:/1web/rsschool/react-course/rsschool-react-course/src/pages/Survey.tsx"
    },
    "_coverageSchema": "1a1c01bbd47fc00a2c39e90264f33305004495a9",
    "hash": "4c57191551e35af7ac7b8041cd9f1d859de38259"
  },
  "D:/1web/rsschool/react-course/rsschool-react-course/src/App.tsx": {
    "path": "D:/1web/rsschool/react-course/rsschool-react-course/src/App.tsx",
    "statementMap": {
      "0": {
        "start": {
          "line": 5,
          "column": 0
        },
        "end": {
          "line": 15,
          "column": 1
        }
      },
      "1": {
        "start": {
          "line": 6,
          "column": 2
        },
        "end": {
          "line": 8,
          "column": 3
        }
      },
      "2": {
        "start": {
          "line": 7,
          "column": 4
        },
        "end": {
          "line": 7,
          "column": 165
        }
      },
      "3": {
        "start": {
          "line": 9,
          "column": 2
        },
        "end": {
          "line": 9,
          "column": 39
        }
      },
      "4": {
        "start": {
          "line": 10,
          "column": 2
        },
        "end": {
          "line": 10,
          "column": 39
        }
      },
      "5": {
        "start": {
          "line": 11,
          "column": 2
        },
        "end": {
          "line": 13,
          "column": 4
        }
      },
      "6": {
        "start": {
          "line": 12,
          "column": 4
        },
        "end": {
          "line": 12,
          "column": 107
        }
      },
      "7": {
        "start": {
          "line": 14,
          "column": 2
        },
        "end": {
          "line": 14,
          "column": 75
        }
      },
      "8": {
        "start": {
          "line": 26,
          "column": 2
        },
        "end": {
          "line": 75,
          "column": 11
        }
      },
      "9": {
        "start": {
          "line": 77,
          "column": 0
        },
        "end": {
          "line": 77,
          "column": 9
        }
      },
      "10": {
        "start": {
          "line": 80,
          "column": 0
        },
        "end": {
          "line": 80,
          "column": 24
        }
      },
      "11": {
        "start": {
          "line": 81,
          "column": 0
        },
        "end": {
          "line": 97,
          "column": 1
        }
      },
      "12": {
        "start": {
          "line": 82,
          "column": 2
        },
        "end": {
          "line": 82,
          "column": 39
        }
      },
      "13": {
        "start": {
          "line": 83,
          "column": 2
        },
        "end": {
          "line": 83,
          "column": 39
        }
      },
      "14": {
        "start": {
          "line": 84,
          "column": 2
        },
        "end": {
          "line": 96,
          "column": 5
        }
      },
      "15": {
        "start": {
          "line": 88,
          "column": 4
        },
        "end": {
          "line": 88,
          "column": 133
        }
      },
      "16": {
        "start": {
          "line": 89,
          "column": 4
        },
        "end": {
          "line": 95,
          "column": 7
        }
      },
      "17": {
        "start": {
          "line": 90,
          "column": 6
        },
        "end": {
          "line": 91,
          "column": 15
        }
      },
      "18": {
        "start": {
          "line": 91,
          "column": 8
        },
        "end": {
          "line": 91,
          "column": 15
        }
      },
      "19": {
        "start": {
          "line": 92,
          "column": 32
        },
        "end": {
          "line": 92,
          "column": 115
        }
      },
      "20": {
        "start": {
          "line": 93,
          "column": 6
        },
        "end": {
          "line": 94,
          "column": 54
        }
      },
      "21": {
        "start": {
          "line": 94,
          "column": 8
        },
        "end": {
          "line": 94,
          "column": 54
        }
      }
    },
    "fnMap": {
      "0": {
        "name": "(anonymous_0)",
        "decl": {
          "start": {
            "line": 11,
            "column": 24
          },
          "end": {
            "line": 11,
            "column": 25
          }
        },
        "loc": {
          "start": {
            "line": 11,
            "column": 38
          },
          "end": {
            "line": 13,
            "column": 3
          }
        },
        "line": 11
      },
      "1": {
        "name": "App",
        "decl": {
          "start": {
            "line": 25,
            "column": 9
          },
          "end": {
            "line": 25,
            "column": 12
          }
        },
        "loc": {
          "start": {
            "line": 25,
            "column": 15
          },
          "end": {
            "line": 76,
            "column": 1
          }
        },
        "line": 25
      },
      "2": {
        "name": "(anonymous_2)",
        "decl": {
          "start": {
            "line": 87,
            "column": 9
          },
          "end": {
            "line": 87,
            "column": 10
          }
        },
        "loc": {
          "start": {
            "line": 87,
            "column": 29
          },
          "end": {
            "line": 96,
            "column": 3
          }
        },
        "line": 87
      },
      "3": {
        "name": "(anonymous_3)",
        "decl": {
          "start": {
            "line": 89,
            "column": 27
          },
          "end": {
            "line": 89,
            "column": 28
          }
        },
        "loc": {
          "start": {
            "line": 89,
            "column": 44
          },
          "end": {
            "line": 95,
            "column": 5
          }
        },
        "line": 89
      }
    },
    "branchMap": {
      "0": {
        "loc": {
          "start": {
            "line": 5,
            "column": 0
          },
          "end": {
            "line": 15,
            "column": 1
          }
        },
        "type": "if",
        "locations": [
          {
            "start": {
              "line": 5,
              "column": 0
            },
            "end": {
              "line": 15,
              "column": 1
            }
          },
          {
            "start": {},
            "end": {}
          }
        ],
        "line": 5
      },
      "1": {
        "loc": {
          "start": {
            "line": 6,
            "column": 2
          },
          "end": {
            "line": 8,
            "column": 3
          }
        },
        "type": "if",
        "locations": [
          {
            "start": {
              "line": 6,
              "column": 2
            },
            "end": {
              "line": 8,
              "column": 3
            }
          },
          {
            "start": {},
            "end": {}
          }
        ],
        "line": 6
      },
      "2": {
        "loc": {
          "start": {
            "line": 81,
            "column": 0
          },
          "end": {
            "line": 97,
            "column": 1
          }
        },
        "type": "if",
        "locations": [
          {
            "start": {
              "line": 81,
              "column": 0
            },
            "end": {
              "line": 97,
              "column": 1
            }
          },
          {
            "start": {},
            "end": {}
          }
        ],
        "line": 81
      },
      "3": {
        "loc": {
          "start": {
            "line": 90,
            "column": 6
          },
          "end": {
            "line": 91,
            "column": 15
          }
        },
        "type": "if",
        "locations": [
          {
            "start": {
              "line": 90,
              "column": 6
            },
            "end": {
              "line": 91,
              "column": 15
            }
          },
          {
            "start": {},
            "end": {}
          }
        ],
        "line": 90
      },
      "4": {
        "loc": {
          "start": {
            "line": 93,
            "column": 6
          },
          "end": {
            "line": 94,
            "column": 54
          }
        },
        "type": "if",
        "locations": [
          {
            "start": {
              "line": 93,
              "column": 6
            },
            "end": {
              "line": 94,
              "column": 54
            }
          },
          {
            "start": {},
            "end": {}
          }
        ],
        "line": 93
      }
    },
    "s": {
      "0": 2,
      "1": 2,
      "2": 0,
      "3": 2,
      "4": 2,
      "5": 2,
      "6": 2,
      "7": 2,
      "8": 2,
      "9": 2,
      "10": 2,
      "11": 2,
      "12": 2,
      "13": 2,
      "14": 2,
      "15": 1,
      "16": 1,
      "17": 0,
      "18": 0,
      "19": 0,
      "20": 0,
      "21": 0
    },
    "f": {
      "0": 2,
      "1": 2,
      "2": 1,
      "3": 0
    },
    "b": {
      "0": [
        2,
        0
      ],
      "1": [
        0,
        2
      ],
      "2": [
        2,
        0
      ],
      "3": [
        0,
        0
      ],
      "4": [
        0,
        0
      ]
    },
    "inputSourceMap": {
      "version": 3,
      "mappings": "AAc+B;AAd/B,2BAAsB;AAAQ,IAAkB;AAAA;AAAA;AAAA;AAAA;AAAA;AAAA;AAAA;AAAA;AAAA;AAAA;AAAA;AAAA;AAAA;AAChD,OAAOA,UAAU;AACjB,OAAOC,aAAa;AACpB,OAAOC,cAAc;AACrB,OAAOC,YAAY;AACnB,OAAOC,YAAY;AAEnB,OAAO;AACP,OAAO;AACP,OAAO;AAEP,SAASC,MAAM;AACb,SACE,uBAAC,UACC,iCAAC,SAAM,MAAK,KAAI,SAAS,uBAAC,YAAD;AAAA;AAAA;AAAA;AAAA,SAAO,GAC9B;AAAA,2BAAC,SAAM,OAAK,MAAC,SAAS,uBAAC,UAAD;AAAA;AAAA;AAAA;AAAA,WAAK,KAA3B;AAAA;AAAA;AAAA;AAAA,WAA+B;AAAA,IAC/B,uBAAC,SAAM,MAAK,YAAW,SAAS,uBAAC,aAAD;AAAA;AAAA;AAAA;AAAA,WAAQ,KAAxC;AAAA;AAAA;AAAA;AAAA,WAA4C;AAAA,IAC5C,uBAAC,SAAM,MAAK,UAAS,SAAS,uBAAC,YAAD;AAAA;AAAA;AAAA;AAAA,WAAO,KAArC;AAAA;AAAA;AAAA;AAAA,WAAyC;AAAA,IACzC,uBAAC,SAAM,MAAK,KAAI,SAAS,uBAAC,cAAD;AAAA;AAAA;AAAA;AAAA,WAAS,KAAlC;AAAA;AAAA;AAAA;AAAA,WAAsC;AAAA,OAJxC;AAAA;AAAA;AAAA;AAAA,SAKA,KANF;AAAA;AAAA;AAAA;AAAA,SAOA;AAEJ;AAACC,KAXQD;AAaT,eAAeA;AAAI;AAAAE",
      "names": [
        "Home",
        "AboutUs",
        "NotFound",
        "Header",
        "Survey",
        "App",
        "_c",
        "$RefreshReg$"
      ],
      "sources": [
        "D:/1web/rsschool/react-course/rsschool-react-course/src/App.tsx"
      ],
      "file": "D:/1web/rsschool/react-course/rsschool-react-course/src/App.tsx"
    },
    "_coverageSchema": "1a1c01bbd47fc00a2c39e90264f33305004495a9",
    "hash": "d6e3ef7d9ecaf701a4aa38891fd6917ee80aade2"
  },
  "D:/1web/rsschool/react-course/rsschool-react-course/src/store/createStore.ts": {
    "path": "D:/1web/rsschool/react-course/rsschool-react-course/src/store/createStore.ts",
    "statementMap": {
      "0": {
        "start": {
          "line": 5,
          "column": 44
        },
        "end": {
          "line": 5,
          "column": 76
        }
      },
      "1": {
        "start": {
          "line": 6,
          "column": 20
        },
        "end": {
          "line": 10,
          "column": 2
        }
      },
      "2": {
        "start": {
          "line": 11,
          "column": 25
        },
        "end": {
          "line": 15,
          "column": 2
        }
      },
      "3": {
        "start": {
          "line": 11,
          "column": 45
        },
        "end": {
          "line": 15,
          "column": 2
        }
      },
      "4": {
        "start": {
          "line": 14,
          "column": 40
        },
        "end": {
          "line": 14,
          "column": 91
        }
      }
    },
    "fnMap": {
      "0": {
        "name": "(anonymous_0)",
        "decl": {
          "start": {
            "line": 11,
            "column": 25
          },
          "end": {
            "line": 11,
            "column": 26
          }
        },
        "loc": {
          "start": {
            "line": 11,
            "column": 45
          },
          "end": {
            "line": 15,
            "column": 2
          }
        },
        "line": 11
      },
      "1": {
        "name": "(anonymous_1)",
        "decl": {
          "start": {
            "line": 14,
            "column": 14
          },
          "end": {
            "line": 14,
            "column": 15
          }
        },
        "loc": {
          "start": {
            "line": 14,
            "column": 40
          },
          "end": {
            "line": 14,
            "column": 91
          }
        },
        "line": 14
      }
    },
    "branchMap": {
      "0": {
        "loc": {
          "start": {
            "line": 5,
            "column": 44
          },
          "end": {
            "line": 5,
            "column": 76
          }
        },
        "type": "binary-expr",
        "locations": [
          {
            "start": {
              "line": 5,
              "column": 44
            },
            "end": {
              "line": 5,
              "column": 62
            }
          },
          {
            "start": {
              "line": 5,
              "column": 66
            },
            "end": {
              "line": 5,
              "column": 76
            }
          }
        ],
        "line": 5
      }
    },
    "s": {
      "0": 2,
      "1": 2,
      "2": 2,
      "3": 2,
      "4": 2
    },
    "f": {
      "0": 2,
      "1": 2
    },
    "b": {
      "0": [
        2,
        2
      ]
    },
    "inputSourceMap": {
      "version": 3,
      "sources": [
        "D:/1web/rsschool/react-course/rsschool-react-course/src/store/createStore.ts"
      ],
      "mappings": "AAAA,SAAS,iBAAiB;AAE1B,OAAO,mBAAmB;AAC1B,OAAO,iBAAiB;AACxB,YAAY,gBAAgB;AAE5B,MAAM,EAAE,iBAAiB,eAAe,IAAM,WAA8B,WAC1E;AAEF,MAAM,cAAc,gBAAgB;AAAA,EAClC,CAAC,UAAU,WAAW,GAAG,UAAU;AAAA,EACnC,QAAQ;AAAA,EACR,MAAM;AACR,CAAC;AAEM,aAAM,YAAY,CACvB,mBAEA,eAAe;AAAA,EACb,SAAS;AAAA,EACT;AAAA,EACA,YAAY,CAAC,yBAAyB,qBAAqB,EAAE,OAAO,UAAU,UAAU;AAC1F,CAAC;",
      "names": []
    },
    "_coverageSchema": "1a1c01bbd47fc00a2c39e90264f33305004495a9",
    "hash": "60a08a6f8cbbea59f581be685741c7c0f9bc8e45"
  },
  "D:/1web/rsschool/react-course/rsschool-react-course/src/client.tsx": {
    "path": "D:/1web/rsschool/react-course/rsschool-react-course/src/client.tsx",
    "statementMap": {
      "0": {
        "start": {
          "line": 7,
          "column": 14
        },
        "end": {
          "line": 7,
          "column": 51
        }
      },
      "1": {
        "start": {
          "line": 8,
          "column": 0
        },
        "end": {
          "line": 8,
          "column": 34
        }
      },
      "2": {
        "start": {
          "line": 9,
          "column": 0
        },
        "end": {
          "line": 21,
          "column": 10
        }
      }
    },
    "fnMap": {},
    "branchMap": {},
    "s": {
      "0": 2,
      "1": 2,
      "2": 2
    },
    "f": {},
    "b": {},
    "inputSourceMap": {
      "version": 3,
      "mappings": "AAkBM;AAlBN,SAASA,mBAAmB;AAC5B,SAASC,gBAAgB;AACzB,SAASC,qBAAqB;AAC9B,OAAOC,SAAS;AAEhB,SAASC,iBAA4B;AAMrC,MAAMC,QAAQD,UAAWE,OAAgCC,mBAAmB;AAC5E,OAAQD,OAAgCC;AAExCP,YACEQ,SAASC,eAAe,MAAM,GAC9B,uBAAC,YAAS,OACR,iCAAC,iBACC,iCAAC,SAAD;AAAA;AAAA;AAAA;AAAA,OAAI,KADN;AAAA;AAAA;AAAA;AAAA,OAEA,KAHF;AAAA;AAAA;AAAA;AAAA,OAIA,CACF",
      "names": [
        "hydrateRoot",
        "Provider",
        "BrowserRouter",
        "App",
        "initStore",
        "store",
        "window",
        "__PRELOADED_STATE__",
        "document",
        "getElementById"
      ],
      "sources": [
        "D:/1web/rsschool/react-course/rsschool-react-course/src/client.tsx"
      ],
      "file": "D:/1web/rsschool/react-course/rsschool-react-course/src/client.tsx"
    },
    "_coverageSchema": "1a1c01bbd47fc00a2c39e90264f33305004495a9",
    "hash": "d8e47c10bd788ae5bf1fddadaa4c1c8c70a34a39"
  }
}