{"total": {"lines":{"total":152,"covered":127,"skipped":0,"pct":83.55},"statements":{"total":170,"covered":143,"skipped":0,"pct":84.11},"functions":{"total":57,"covered":42,"skipped":0,"pct":73.68},"branches":{"total":43,"covered":28,"skipped":0,"pct":65.11},"branchesTrue":{"total":0,"covered":0,"skipped":0,"pct":100}}
,"D:/1web/rsschool/react-course/rsschool-react-course/src/App.tsx": {"lines":{"total":4,"covered":4,"skipped":0,"pct":100},"functions":{"total":2,"covered":2,"skipped":0,"pct":100},"statements":{"total":4,"covered":4,"skipped":0,"pct":100},"branches":{"total":1,"covered":1,"skipped":0,"pct":100}}
,"D:/1web/rsschool/react-course/rsschool-react-course/src/client.tsx": {"lines":{"total":3,"covered":3,"skipped":0,"pct":100},"functions":{"total":0,"covered":0,"skipped":0,"pct":100},"statements":{"total":3,"covered":3,"skipped":0,"pct":100},"branches":{"total":0,"covered":0,"skipped":0,"pct":100}}
,"D:/1web/rsschool/react-course/rsschool-react-course/src/components/form/CheckBoxField.tsx": {"lines":{"total":5,"covered":5,"skipped":0,"pct":100},"functions":{"total":2,"covered":2,"skipped":0,"pct":100},"statements":{"total":5,"covered":5,"skipped":0,"pct":100},"branches":{"total":1,"covered":1,"skipped":0,"pct":100}}
,"D:/1web/rsschool/react-course/rsschool-react-course/src/components/form/DateField.tsx": {"lines":{"total":5,"covered":5,"skipped":0,"pct":100},"functions":{"total":2,"covered":2,"skipped":0,"pct":100},"statements":{"total":5,"covered":5,"skipped":0,"pct":100},"branches":{"total":3,"covered":2,"skipped":0,"pct":66.66}}
,"D:/1web/rsschool/react-course/rsschool-react-course/src/components/form/RadioField.tsx": {"lines":{"total":6,"covered":6,"skipped":0,"pct":100},"functions":{"total":3,"covered":3,"skipped":0,"pct":100},"statements":{"total":6,"covered":6,"skipped":0,"pct":100},"branches":{"total":3,"covered":2,"skipped":0,"pct":66.66}}
,"D:/1web/rsschool/react-course/rsschool-react-course/src/components/form/SelectField.tsx": {"lines":{"total":6,"covered":6,"skipped":0,"pct":100},"functions":{"total":3,"covered":3,"skipped":0,"pct":100},"statements":{"total":6,"covered":6,"skipped":0,"pct":100},"branches":{"total":3,"covered":2,"skipped":0,"pct":66.66}}
,"D:/1web/rsschool/react-course/rsschool-react-course/src/components/form/TextField.tsx": {"lines":{"total":5,"covered":5,"skipped":0,"pct":100},"functions":{"total":2,"covered":2,"skipped":0,"pct":100},"statements":{"total":5,"covered":5,"skipped":0,"pct":100},"branches":{"total":3,"covered":2,"skipped":0,"pct":66.66}}
,"D:/1web/rsschool/react-course/rsschool-react-course/src/components/form/UploadField.tsx": {"lines":{"total":5,"covered":5,"skipped":0,"pct":100},"functions":{"total":2,"covered":2,"skipped":0,"pct":100},"statements":{"total":5,"covered":5,"skipped":0,"pct":100},"branches":{"total":3,"covered":2,"skipped":0,"pct":66.66}}
,"D:/1web/rsschool/react-course/rsschool-react-course/src/components/ui/Card.tsx": {"lines":{"total":6,"covered":5,"skipped":0,"pct":83.33},"functions":{"total":3,"covered":2,"skipped":0,"pct":66.66},"statements":{"total":6,"covered":5,"skipped":0,"pct":83.33},"branches":{"total":1,"covered":1,"skipped":0,"pct":100}}
,"D:/1web/rsschool/react-course/rsschool-react-course/src/components/ui/Header.tsx": {"lines":{"total":14,"covered":14,"skipped":0,"pct":100},"functions":{"total":5,"covered":5,"skipped":0,"pct":100},"statements":{"total":17,"covered":17,"skipped":0,"pct":100},"branches":{"total":4,"covered":4,"skipped":0,"pct":100}}
,"D:/1web/rsschool/react-course/rsschool-react-course/src/components/ui/Loading.tsx": {"lines":{"total":5,"covered":4,"skipped":0,"pct":80},"functions":{"total":2,"covered":1,"skipped":0,"pct":50},"statements":{"total":5,"covered":4,"skipped":0,"pct":80},"branches":{"total":1,"covered":1,"skipped":0,"pct":100}}
,"D:/1web/rsschool/react-course/rsschool-react-course/src/components/ui/Modal.tsx": {"lines":{"total":9,"covered":3,"skipped":0,"pct":33.33},"functions":{"total":3,"covered":0,"skipped":0,"pct":0},"statements":{"total":11,"covered":4,"skipped":0,"pct":36.36},"branches":{"total":4,"covered":0,"skipped":0,"pct":0}}
,"D:/1web/rsschool/react-course/rsschool-react-course/src/components/ui/Search.tsx": {"lines":{"total":12,"covered":9,"skipped":0,"pct":75},"functions":{"total":5,"covered":3,"skipped":0,"pct":60},"statements":{"total":16,"covered":13,"skipped":0,"pct":81.25},"branches":{"total":0,"covered":0,"skipped":0,"pct":100}}
,"D:/1web/rsschool/react-course/rsschool-react-course/src/components/ui/SurveyCard.tsx": {"lines":{"total":5,"covered":4,"skipped":0,"pct":80},"functions":{"total":2,"covered":1,"skipped":0,"pct":50},"statements":{"total":5,"covered":4,"skipped":0,"pct":80},"branches":{"total":1,"covered":1,"skipped":0,"pct":100}}
,"D:/1web/rsschool/react-course/rsschool-react-course/src/hooks/typedHooks.ts": {"lines":{"total":2,"covered":2,"skipped":0,"pct":100},"functions":{"total":0,"covered":0,"skipped":0,"pct":100},"statements":{"total":2,"covered":2,"skipped":0,"pct":100},"branches":{"total":0,"covered":0,"skipped":0,"pct":100}}
,"D:/1web/rsschool/react-course/rsschool-react-course/src/pages/404.tsx": {"lines":{"total":5,"covered":5,"skipped":0,"pct":100},"functions":{"total":2,"covered":2,"skipped":0,"pct":100},"statements":{"total":5,"covered":5,"skipped":0,"pct":100},"branches":{"total":1,"covered":1,"skipped":0,"pct":100}}
,"D:/1web/rsschool/react-course/rsschool-react-course/src/pages/AboutUs.tsx": {"lines":{"total":5,"covered":5,"skipped":0,"pct":100},"functions":{"total":2,"covered":2,"skipped":0,"pct":100},"statements":{"total":5,"covered":5,"skipped":0,"pct":100},"branches":{"total":1,"covered":1,"skipped":0,"pct":100}}
,"D:/1web/rsschool/react-course/rsschool-react-course/src/pages/Home.tsx": {"lines":{"total":14,"covered":11,"skipped":0,"pct":78.57},"functions":{"total":6,"covered":4,"skipped":0,"pct":66.66},"statements":{"total":19,"covered":15,"skipped":0,"pct":78.94},"branches":{"total":5,"covered":2,"skipped":0,"pct":40}}
,"D:/1web/rsschool/react-course/rsschool-react-course/src/pages/Survey.tsx": {"lines":{"total":14,"covered":9,"skipped":0,"pct":64.28},"functions":{"total":5,"covered":3,"skipped":0,"pct":60},"statements":{"total":18,"covered":13,"skipped":0,"pct":72.22},"branches":{"total":4,"covered":3,"skipped":0,"pct":75}}
,"D:/1web/rsschool/react-course/rsschool-react-course/src/services/flickr.service.ts": {"lines":{"total":9,"covered":6,"skipped":0,"pct":66.66},"functions":{"total":2,"covered":1,"skipped":0,"pct":50},"statements":{"total":9,"covered":6,"skipped":0,"pct":66.66},"branches":{"total":2,"covered":0,"skipped":0,"pct":0}}
,"D:/1web/rsschool/react-course/rsschool-react-course/src/store/createStore.ts": {"lines":{"total":5,"covered":5,"skipped":0,"pct":100},"functions":{"total":2,"covered":2,"skipped":0,"pct":100},"statements":{"total":5,"covered":5,"skipped":0,"pct":100},"branches":{"total":2,"covered":2,"skipped":0,"pct":100}}
,"D:/1web/rsschool/react-course/rsschool-react-course/src/store/formSlice.ts": {"lines":{"total":4,"covered":3,"skipped":0,"pct":75},"functions":{"total":1,"covered":0,"skipped":0,"pct":0},"statements":{"total":4,"covered":3,"skipped":0,"pct":75},"branches":{"total":0,"covered":0,"skipped":0,"pct":100}}
,"D:/1web/rsschool/react-course/rsschool-react-course/src/store/searchSlice.ts": {"lines":{"total":4,"covered":3,"skipped":0,"pct":75},"functions":{"total":1,"covered":0,"skipped":0,"pct":0},"statements":{"total":4,"covered":3,"skipped":0,"pct":75},"branches":{"total":0,"covered":0,"skipped":0,"pct":100}}
}
