TN:
SF:src\App.tsx
FN:1,(anonymous_0)
FN:12,App
FNF:2
FNH:2
FNDA:2,(anonymous_0)
FNDA:2,App
DA:1,14
DA:13,2
DA:23,2
DA:25,2
LF:4
LH:4
BRDA:1,0,0,2
BRF:1
BRH:1
end_of_record
TN:
SF:src\client.tsx
FNF:0
FNH:0
DA:12,2
DA:13,2
DA:15,2
LF:3
LH:3
BRF:0
BRH:0
end_of_record
TN:
SF:src\components\form\CheckBoxField.tsx
FN:1,(anonymous_0)
FN:9,(anonymous_1)
FNF:2
FNH:2
FNDA:2,(anonymous_0)
FNDA:1,(anonymous_1)
DA:1,14
DA:9,2
DA:10,1
DA:18,2
DA:19,2
LF:5
LH:5
BRDA:1,0,0,2
BRF:1
BRH:1
end_of_record
TN:
SF:src\components\form\DateField.tsx
FN:1,(anonymous_0)
FN:10,(anonymous_1)
FNF:2
FNH:2
FNDA:2,(anonymous_0)
FNDA:1,(anonymous_1)
DA:1,14
DA:10,2
DA:11,1
DA:18,2
DA:20,2
LF:5
LH:5
BRDA:1,0,0,2
BRDA:15,1,0,1
BRDA:15,1,1,0
BRF:3
BRH:2
end_of_record
TN:
SF:src\components\form\RadioField.tsx
FN:1,(anonymous_0)
FN:14,(anonymous_1)
FN:18,(anonymous_2)
FNF:3
FNH:3
FNDA:4,(anonymous_0)
FNDA:1,(anonymous_1)
FNDA:2,(anonymous_2)
DA:1,16
DA:11,2
DA:15,1
DA:19,2
DA:34,2
DA:35,4
LF:6
LH:6
BRDA:1,0,0,2
BRDA:32,1,0,1
BRDA:32,1,1,0
BRF:3
BRH:2
end_of_record
TN:
SF:src\components\form\SelectField.tsx
FN:1,(anonymous_0)
FN:19,(anonymous_1)
FN:25,(anonymous_2)
FNF:3
FNH:3
FNDA:4,(anonymous_0)
FNDA:1,(anonymous_1)
FNDA:248,(anonymous_2)
DA:1,16
DA:16,2
DA:20,1
DA:26,248
DA:34,2
DA:36,4
LF:6
LH:6
BRDA:1,0,0,2
BRDA:31,1,0,1
BRDA:31,1,1,0
BRF:3
BRH:2
end_of_record
TN:
SF:src\components\form\TextField.tsx
FN:1,(anonymous_0)
FN:11,(anonymous_1)
FNF:2
FNH:2
FNDA:2,(anonymous_0)
FNDA:2,(anonymous_1)
DA:1,14
DA:11,2
DA:12,2
DA:19,2
DA:21,2
LF:5
LH:5
BRDA:1,0,0,2
BRDA:16,1,0,2
BRDA:16,1,1,0
BRF:3
BRH:2
end_of_record
TN:
SF:src\components\form\UploadField.tsx
FN:1,(anonymous_0)
FN:11,(anonymous_1)
FNF:2
FNH:2
FNDA:2,(anonymous_0)
FNDA:1,(anonymous_1)
DA:1,14
DA:11,2
DA:12,1
DA:30,2
DA:31,2
LF:5
LH:5
BRDA:1,0,0,2
BRDA:27,1,0,1
BRDA:27,1,1,0
BRF:3
BRH:2
end_of_record
TN:
SF:src\components\ui\Card.tsx
FN:1,(anonymous_0)
FN:4,(anonymous_1)
FN:6,(anonymous_2)
FNF:3
FNH:2
FNDA:2,(anonymous_0)
FNDA:24,(anonymous_1)
FNDA:0,(anonymous_2)
DA:1,14
DA:4,2
DA:5,24
DA:6,0
DA:13,2
DA:15,2
LF:6
LH:5
BRDA:1,0,0,2
BRF:1
BRH:1
end_of_record
TN:
SF:src\components\ui\Header.tsx
FN:4,(anonymous_1)
FN:21,(anonymous_2)
FN:24,(anonymous_3)
FN:27,(anonymous_4)
FN:4,(anonymous_5)
FNF:5
FNH:5
FNDA:5,(anonymous_1)
FNDA:1,(anonymous_2)
FNDA:1,(anonymous_3)
FNDA:1,(anonymous_4)
FNDA:2,(anonymous_5)
DA:4,5
DA:5,5
DA:6,5
DA:8,5
DA:9,2
DA:10,3
DA:11,1
DA:13,2
DA:15,5
DA:21,1
DA:24,1
DA:27,1
DA:34,2
DA:36,2
LF:14
LH:14
BRDA:8,0,0,2
BRDA:8,0,1,3
BRDA:10,1,0,1
BRDA:10,1,1,2
BRF:4
BRH:4
end_of_record
TN:
SF:src\components\ui\Loading.tsx
FN:1,(anonymous_0)
FN:3,(anonymous_1)
FNF:2
FNH:1
FNDA:2,(anonymous_0)
FNDA:0,(anonymous_1)
DA:1,14
DA:3,2
DA:4,0
DA:9,2
DA:11,2
LF:5
LH:4
BRDA:1,0,0,2
BRF:1
BRH:1
end_of_record
TN:
SF:src\components\ui\Modal.tsx
FN:12,(anonymous_1)
FN:15,(anonymous_2)
FN:24,(anonymous_3)
FNF:3
FNH:0
FNDA:0,(anonymous_1)
FNDA:0,(anonymous_2)
FNDA:0,(anonymous_3)
DA:12,2
DA:13,0
DA:15,0
DA:16,0
DA:17,0
DA:20,0
DA:24,0
DA:51,2
DA:53,2
LF:9
LH:3
BRDA:22,0,0,0
BRDA:22,0,1,0
BRDA:28,1,0,0
BRDA:28,1,1,0
BRF:4
BRH:0
end_of_record
TN:
SF:src\components\ui\Search.tsx
FN:6,(anonymous_1)
FN:7,(anonymous_2)
FN:11,(anonymous_3)
FN:15,(anonymous_4)
FN:6,(anonymous_5)
FNF:5
FNH:3
FNDA:2,(anonymous_1)
FNDA:4,(anonymous_2)
FNDA:0,(anonymous_3)
FNDA:0,(anonymous_4)
FNDA:1,(anonymous_5)
DA:6,2
DA:7,4
DA:8,2
DA:9,2
DA:11,2
DA:12,0
DA:15,2
DA:16,0
DA:18,0
DA:21,2
DA:37,2
DA:39,2
LF:12
LH:9
BRF:0
BRH:0
end_of_record
TN:
SF:src\components\ui\SurveyCard.tsx
FN:1,(anonymous_0)
FN:4,(anonymous_1)
FNF:2
FNH:1
FNDA:2,(anonymous_0)
FNDA:0,(anonymous_1)
DA:1,14
DA:4,2
DA:5,0
DA:20,2
DA:22,2
LF:5
LH:4
BRDA:1,0,0,2
BRF:1
BRH:1
end_of_record
TN:
SF:src\hooks\typedHooks.ts
FNF:0
FNH:0
DA:5,2
DA:6,2
LF:2
LH:2
BRF:0
BRH:0
end_of_record
TN:
SF:src\pages\404.tsx
FN:1,(anonymous_0)
FN:4,(anonymous_1)
FNF:2
FNH:2
FNDA:2,(anonymous_0)
FNDA:1,(anonymous_1)
DA:1,14
DA:4,2
DA:5,1
DA:12,2
DA:14,2
LF:5
LH:5
BRDA:1,0,0,2
BRF:1
BRH:1
end_of_record
TN:
SF:src\pages\AboutUs.tsx
FN:1,(anonymous_0)
FN:3,(anonymous_1)
FNF:2
FNH:2
FNDA:2,(anonymous_0)
FNDA:1,(anonymous_1)
DA:1,14
DA:3,2
DA:4,1
DA:10,2
DA:11,2
LF:5
LH:5
BRDA:1,0,0,2
BRF:1
BRH:1
end_of_record
TN:
SF:src\pages\Home.tsx
FN:10,(anonymous_1)
FN:13,(anonymous_2)
FN:21,(anonymous_3)
FN:22,(anonymous_4)
FN:36,(anonymous_5)
FN:10,(anonymous_6)
FNF:6
FNH:4
FNDA:2,(anonymous_1)
FNDA:4,(anonymous_2)
FNDA:0,(anonymous_3)
FNDA:0,(anonymous_4)
FNDA:24,(anonymous_5)
FNDA:1,(anonymous_6)
DA:10,2
DA:11,2
DA:12,2
DA:13,4
DA:19,2
DA:21,2
DA:22,0
DA:23,0
DA:26,2
DA:27,0
DA:29,2
DA:37,24
DA:45,2
DA:47,2
LF:14
LH:11
BRDA:26,0,0,0
BRDA:31,1,0,2
BRDA:31,1,1,0
BRDA:35,2,0,2
BRDA:35,2,1,0
BRF:5
BRH:2
end_of_record
TN:
SF:src\pages\Survey.tsx
FN:38,(anonymous_1)
FN:40,(anonymous_2)
FN:48,(anonymous_3)
FN:105,(anonymous_4)
FN:38,(anonymous_5)
FNF:5
FNH:3
FNDA:1,(anonymous_1)
FNDA:1,(anonymous_2)
FNDA:0,(anonymous_3)
FNDA:0,(anonymous_4)
FNDA:1,(anonymous_5)
DA:38,2
DA:39,1
DA:40,1
DA:41,1
DA:47,2
DA:48,1
DA:49,0
DA:58,0
DA:59,0
DA:60,0
DA:63,1
DA:106,0
DA:112,2
DA:114,2
LF:14
LH:9
BRDA:65,0,0,1
BRDA:65,0,1,0
BRDA:103,1,0,1
BRDA:103,1,1,1
BRF:4
BRH:3
end_of_record
TN:
SF:src\services\flickr.service.ts
FN:56,(anonymous_0)
FN:58,(anonymous_1)
FNF:2
FNH:1
FNDA:2,(anonymous_0)
FNDA:0,(anonymous_1)
DA:38,2
DA:42,2
DA:46,2
DA:51,2
DA:56,2
DA:59,0
DA:60,0
DA:62,0
DA:69,2
LF:9
LH:6
BRDA:59,0,0,0
BRDA:59,0,1,0
BRF:2
BRH:0
end_of_record
TN:
SF:src\store\createStore.ts
FN:16,(anonymous_0)
FN:22,(anonymous_1)
FNF:2
FNH:2
FNDA:2,(anonymous_0)
FNDA:2,(anonymous_1)
DA:7,2
DA:10,2
DA:16,2
DA:19,2
DA:22,2
LF:5
LH:5
BRDA:7,0,0,2
BRDA:7,0,1,2
BRF:2
BRH:2
end_of_record
TN:
SF:src\store\formSlice.ts
FN:14,(anonymous_0)
FNF:1
FNH:0
FNDA:0,(anonymous_0)
DA:8,2
DA:10,2
DA:15,0
DA:20,2
LF:4
LH:3
BRF:0
BRH:0
end_of_record
TN:
SF:src\store\searchSlice.ts
FN:15,(anonymous_0)
FNF:1
FNH:0
FNDA:0,(anonymous_0)
DA:7,2
DA:11,2
DA:16,0
DA:20,2
LF:4
LH:3
BRF:0
BRH:0
end_of_record
